The system is: Linux - 4.15.0-45-generic - x86_64
Compiling the C compiler identification source file "CMakeCCompilerId.c" succeeded.
Compiler: /usr/bin/cc 
Build flags: 
Id flags:  

The output was:
0


Compilation of the C compiler identification source "CMakeCCompilerId.c" produced "a.out"

The C compiler identification is GNU, found in "/home/marksa/dev/git/fork/gnucash/build-gnucash-3.4-stable/CMakeFiles/3.10.2/CompilerIdC/a.out"

Compiling the CXX compiler identification source file "CMakeCXXCompilerId.cpp" succeeded.
Compiler: /usr/bin/c++ 
Build flags: 
Id flags:  

The output was:
0


Compilation of the CXX compiler identification source "CMakeCXXCompilerId.cpp" produced "a.out"

The CXX compiler identification is GNU, found in "/home/marksa/dev/git/fork/gnucash/build-gnucash-3.4-stable/CMakeFiles/3.10.2/CompilerIdCXX/a.out"

Determining if the C compiler works passed with the following output:
Change Dir: /home/marksa/dev/git/fork/gnucash/build-gnucash-3.4-stable/CMakeFiles/CMakeTmp

Run Build Command:"/usr/bin/make" "cmTC_bdda9/fast"
/usr/bin/make -f CMakeFiles/cmTC_bdda9.dir/build.make CMakeFiles/cmTC_bdda9.dir/build
make[1]: Entering directory '/home/marksa/dev/git/fork/gnucash/build-gnucash-3.4-stable/CMakeFiles/CMakeTmp'
Building C object CMakeFiles/cmTC_bdda9.dir/testCCompiler.c.o
/usr/bin/cc    -o CMakeFiles/cmTC_bdda9.dir/testCCompiler.c.o   -c /home/marksa/dev/git/fork/gnucash/build-gnucash-3.4-stable/CMakeFiles/CMakeTmp/testCCompiler.c
Linking C executable cmTC_bdda9
/usr/bin/cmake -E cmake_link_script CMakeFiles/cmTC_bdda9.dir/link.txt --verbose=1
/usr/bin/cc      -rdynamic CMakeFiles/cmTC_bdda9.dir/testCCompiler.c.o  -o cmTC_bdda9 
make[1]: Leaving directory '/home/marksa/dev/git/fork/gnucash/build-gnucash-3.4-stable/CMakeFiles/CMakeTmp'


Detecting C compiler ABI info compiled with the following output:
Change Dir: /home/marksa/dev/git/fork/gnucash/build-gnucash-3.4-stable/CMakeFiles/CMakeTmp

Run Build Command:"/usr/bin/make" "cmTC_668ed/fast"
/usr/bin/make -f CMakeFiles/cmTC_668ed.dir/build.make CMakeFiles/cmTC_668ed.dir/build
make[1]: Entering directory '/home/marksa/dev/git/fork/gnucash/build-gnucash-3.4-stable/CMakeFiles/CMakeTmp'
Building C object CMakeFiles/cmTC_668ed.dir/CMakeCCompilerABI.c.o
/usr/bin/cc    -o CMakeFiles/cmTC_668ed.dir/CMakeCCompilerABI.c.o   -c /usr/share/cmake-3.10/Modules/CMakeCCompilerABI.c
Linking C executable cmTC_668ed
/usr/bin/cmake -E cmake_link_script CMakeFiles/cmTC_668ed.dir/link.txt --verbose=1
/usr/bin/cc     -v -rdynamic CMakeFiles/cmTC_668ed.dir/CMakeCCompilerABI.c.o  -o cmTC_668ed 
Using built-in specs.
COLLECT_GCC=/usr/bin/cc
COLLECT_LTO_WRAPPER=/usr/lib/gcc/x86_64-linux-gnu/7/lto-wrapper
OFFLOAD_TARGET_NAMES=nvptx-none
OFFLOAD_TARGET_DEFAULT=1
Target: x86_64-linux-gnu
Configured with: ../src/configure -v --with-pkgversion='Ubuntu 7.3.0-27ubuntu1~18.04' --with-bugurl=file:///usr/share/doc/gcc-7/README.Bugs --enable-languages=c,ada,c++,go,brig,d,fortran,objc,obj-c++ --prefix=/usr --with-gcc-major-version-only --program-suffix=-7 --program-prefix=x86_64-linux-gnu- --enable-shared --enable-linker-build-id --libexecdir=/usr/lib --without-included-gettext --enable-threads=posix --libdir=/usr/lib --enable-nls --with-sysroot=/ --enable-clocale=gnu --enable-libstdcxx-debug --enable-libstdcxx-time=yes --with-default-libstdcxx-abi=new --enable-gnu-unique-object --disable-vtable-verify --enable-libmpx --enable-plugin --enable-default-pie --with-system-zlib --with-target-system-zlib --enable-objc-gc=auto --enable-multiarch --disable-werror --with-arch-32=i686 --with-abi=m64 --with-multilib-list=m32,m64,mx32 --enable-multilib --with-tune=generic --enable-offload-targets=nvptx-none --without-cuda-driver --enable-checking=release --build=x86_64-linux-gnu --host=x86_64-linux-gnu --target=x86_64-linux-gnu
Thread model: posix
gcc version 7.3.0 (Ubuntu 7.3.0-27ubuntu1~18.04) 
COMPILER_PATH=/usr/lib/gcc/x86_64-linux-gnu/7/:/usr/lib/gcc/x86_64-linux-gnu/7/:/usr/lib/gcc/x86_64-linux-gnu/:/usr/lib/gcc/x86_64-linux-gnu/7/:/usr/lib/gcc/x86_64-linux-gnu/
LIBRARY_PATH=/usr/lib/gcc/x86_64-linux-gnu/7/:/usr/lib/gcc/x86_64-linux-gnu/7/../../../x86_64-linux-gnu/:/usr/lib/gcc/x86_64-linux-gnu/7/../../../../lib/:/lib/x86_64-linux-gnu/:/lib/../lib/:/usr/lib/x86_64-linux-gnu/:/usr/lib/../lib/:/usr/lib/gcc/x86_64-linux-gnu/7/../../../:/lib/:/usr/lib/
COLLECT_GCC_OPTIONS='-v' '-rdynamic' '-o' 'cmTC_668ed' '-mtune=generic' '-march=x86-64'
 /usr/lib/gcc/x86_64-linux-gnu/7/collect2 -plugin /usr/lib/gcc/x86_64-linux-gnu/7/liblto_plugin.so -plugin-opt=/usr/lib/gcc/x86_64-linux-gnu/7/lto-wrapper -plugin-opt=-fresolution=/tmp/cc3KOJV3.res -plugin-opt=-pass-through=-lgcc -plugin-opt=-pass-through=-lgcc_s -plugin-opt=-pass-through=-lc -plugin-opt=-pass-through=-lgcc -plugin-opt=-pass-through=-lgcc_s --sysroot=/ --build-id --eh-frame-hdr -m elf_x86_64 --hash-style=gnu --as-needed -export-dynamic -dynamic-linker /lib64/ld-linux-x86-64.so.2 -pie -z now -z relro -o cmTC_668ed /usr/lib/gcc/x86_64-linux-gnu/7/../../../x86_64-linux-gnu/Scrt1.o /usr/lib/gcc/x86_64-linux-gnu/7/../../../x86_64-linux-gnu/crti.o /usr/lib/gcc/x86_64-linux-gnu/7/crtbeginS.o -L/usr/lib/gcc/x86_64-linux-gnu/7 -L/usr/lib/gcc/x86_64-linux-gnu/7/../../../x86_64-linux-gnu -L/usr/lib/gcc/x86_64-linux-gnu/7/../../../../lib -L/lib/x86_64-linux-gnu -L/lib/../lib -L/usr/lib/x86_64-linux-gnu -L/usr/lib/../lib -L/usr/lib/gcc/x86_64-linux-gnu/7/../../.. CMakeFiles/cmTC_668ed.dir/CMakeCCompilerABI.c.o -lgcc --push-state --as-needed -lgcc_s --pop-state -lc -lgcc --push-state --as-needed -lgcc_s --pop-state /usr/lib/gcc/x86_64-linux-gnu/7/crtendS.o /usr/lib/gcc/x86_64-linux-gnu/7/../../../x86_64-linux-gnu/crtn.o
COLLECT_GCC_OPTIONS='-v' '-rdynamic' '-o' 'cmTC_668ed' '-mtune=generic' '-march=x86-64'
make[1]: Leaving directory '/home/marksa/dev/git/fork/gnucash/build-gnucash-3.4-stable/CMakeFiles/CMakeTmp'


Parsed C implicit link information from above output:
  link line regex: [^( *|.*[/\])(ld|CMAKE_LINK_STARTFILE-NOTFOUND|([^/\]+-)?ld|collect2)[^/\]*( |$)]
  ignore line: [Change Dir: /home/marksa/dev/git/fork/gnucash/build-gnucash-3.4-stable/CMakeFiles/CMakeTmp]
  ignore line: []
  ignore line: [Run Build Command:"/usr/bin/make" "cmTC_668ed/fast"]
  ignore line: [/usr/bin/make -f CMakeFiles/cmTC_668ed.dir/build.make CMakeFiles/cmTC_668ed.dir/build]
  ignore line: [make[1]: Entering directory '/home/marksa/dev/git/fork/gnucash/build-gnucash-3.4-stable/CMakeFiles/CMakeTmp']
  ignore line: [Building C object CMakeFiles/cmTC_668ed.dir/CMakeCCompilerABI.c.o]
  ignore line: [/usr/bin/cc    -o CMakeFiles/cmTC_668ed.dir/CMakeCCompilerABI.c.o   -c /usr/share/cmake-3.10/Modules/CMakeCCompilerABI.c]
  ignore line: [Linking C executable cmTC_668ed]
  ignore line: [/usr/bin/cmake -E cmake_link_script CMakeFiles/cmTC_668ed.dir/link.txt --verbose=1]
  ignore line: [/usr/bin/cc     -v -rdynamic CMakeFiles/cmTC_668ed.dir/CMakeCCompilerABI.c.o  -o cmTC_668ed ]
  ignore line: [Using built-in specs.]
  ignore line: [COLLECT_GCC=/usr/bin/cc]
  ignore line: [COLLECT_LTO_WRAPPER=/usr/lib/gcc/x86_64-linux-gnu/7/lto-wrapper]
  ignore line: [OFFLOAD_TARGET_NAMES=nvptx-none]
  ignore line: [OFFLOAD_TARGET_DEFAULT=1]
  ignore line: [Target: x86_64-linux-gnu]
  ignore line: [Configured with: ../src/configure -v --with-pkgversion='Ubuntu 7.3.0-27ubuntu1~18.04' --with-bugurl=file:///usr/share/doc/gcc-7/README.Bugs --enable-languages=c,ada,c++,go,brig,d,fortran,objc,obj-c++ --prefix=/usr --with-gcc-major-version-only --program-suffix=-7 --program-prefix=x86_64-linux-gnu- --enable-shared --enable-linker-build-id --libexecdir=/usr/lib --without-included-gettext --enable-threads=posix --libdir=/usr/lib --enable-nls --with-sysroot=/ --enable-clocale=gnu --enable-libstdcxx-debug --enable-libstdcxx-time=yes --with-default-libstdcxx-abi=new --enable-gnu-unique-object --disable-vtable-verify --enable-libmpx --enable-plugin --enable-default-pie --with-system-zlib --with-target-system-zlib --enable-objc-gc=auto --enable-multiarch --disable-werror --with-arch-32=i686 --with-abi=m64 --with-multilib-list=m32,m64,mx32 --enable-multilib --with-tune=generic --enable-offload-targets=nvptx-none --without-cuda-driver --enable-checking=release --build=x86_64-linux-gnu --host=x86_64-linux-gnu --target=x86_64-linux-gnu]
  ignore line: [Thread model: posix]
  ignore line: [gcc version 7.3.0 (Ubuntu 7.3.0-27ubuntu1~18.04) ]
  ignore line: [COMPILER_PATH=/usr/lib/gcc/x86_64-linux-gnu/7/:/usr/lib/gcc/x86_64-linux-gnu/7/:/usr/lib/gcc/x86_64-linux-gnu/:/usr/lib/gcc/x86_64-linux-gnu/7/:/usr/lib/gcc/x86_64-linux-gnu/]
  ignore line: [LIBRARY_PATH=/usr/lib/gcc/x86_64-linux-gnu/7/:/usr/lib/gcc/x86_64-linux-gnu/7/../../../x86_64-linux-gnu/:/usr/lib/gcc/x86_64-linux-gnu/7/../../../../lib/:/lib/x86_64-linux-gnu/:/lib/../lib/:/usr/lib/x86_64-linux-gnu/:/usr/lib/../lib/:/usr/lib/gcc/x86_64-linux-gnu/7/../../../:/lib/:/usr/lib/]
  ignore line: [COLLECT_GCC_OPTIONS='-v' '-rdynamic' '-o' 'cmTC_668ed' '-mtune=generic' '-march=x86-64']
  link line: [ /usr/lib/gcc/x86_64-linux-gnu/7/collect2 -plugin /usr/lib/gcc/x86_64-linux-gnu/7/liblto_plugin.so -plugin-opt=/usr/lib/gcc/x86_64-linux-gnu/7/lto-wrapper -plugin-opt=-fresolution=/tmp/cc3KOJV3.res -plugin-opt=-pass-through=-lgcc -plugin-opt=-pass-through=-lgcc_s -plugin-opt=-pass-through=-lc -plugin-opt=-pass-through=-lgcc -plugin-opt=-pass-through=-lgcc_s --sysroot=/ --build-id --eh-frame-hdr -m elf_x86_64 --hash-style=gnu --as-needed -export-dynamic -dynamic-linker /lib64/ld-linux-x86-64.so.2 -pie -z now -z relro -o cmTC_668ed /usr/lib/gcc/x86_64-linux-gnu/7/../../../x86_64-linux-gnu/Scrt1.o /usr/lib/gcc/x86_64-linux-gnu/7/../../../x86_64-linux-gnu/crti.o /usr/lib/gcc/x86_64-linux-gnu/7/crtbeginS.o -L/usr/lib/gcc/x86_64-linux-gnu/7 -L/usr/lib/gcc/x86_64-linux-gnu/7/../../../x86_64-linux-gnu -L/usr/lib/gcc/x86_64-linux-gnu/7/../../../../lib -L/lib/x86_64-linux-gnu -L/lib/../lib -L/usr/lib/x86_64-linux-gnu -L/usr/lib/../lib -L/usr/lib/gcc/x86_64-linux-gnu/7/../../.. CMakeFiles/cmTC_668ed.dir/CMakeCCompilerABI.c.o -lgcc --push-state --as-needed -lgcc_s --pop-state -lc -lgcc --push-state --as-needed -lgcc_s --pop-state /usr/lib/gcc/x86_64-linux-gnu/7/crtendS.o /usr/lib/gcc/x86_64-linux-gnu/7/../../../x86_64-linux-gnu/crtn.o]
    arg [/usr/lib/gcc/x86_64-linux-gnu/7/collect2] ==> ignore
    arg [-plugin] ==> ignore
    arg [/usr/lib/gcc/x86_64-linux-gnu/7/liblto_plugin.so] ==> ignore
    arg [-plugin-opt=/usr/lib/gcc/x86_64-linux-gnu/7/lto-wrapper] ==> ignore
    arg [-plugin-opt=-fresolution=/tmp/cc3KOJV3.res] ==> ignore
    arg [-plugin-opt=-pass-through=-lgcc] ==> ignore
    arg [-plugin-opt=-pass-through=-lgcc_s] ==> ignore
    arg [-plugin-opt=-pass-through=-lc] ==> ignore
    arg [-plugin-opt=-pass-through=-lgcc] ==> ignore
    arg [-plugin-opt=-pass-through=-lgcc_s] ==> ignore
    arg [--sysroot=/] ==> ignore
    arg [--build-id] ==> ignore
    arg [--eh-frame-hdr] ==> ignore
    arg [-m] ==> ignore
    arg [elf_x86_64] ==> ignore
    arg [--hash-style=gnu] ==> ignore
    arg [--as-needed] ==> ignore
    arg [-export-dynamic] ==> ignore
    arg [-dynamic-linker] ==> ignore
    arg [/lib64/ld-linux-x86-64.so.2] ==> ignore
    arg [-pie] ==> ignore
    arg [-znow] ==> ignore
    arg [-zrelro] ==> ignore
    arg [-o] ==> ignore
    arg [cmTC_668ed] ==> ignore
    arg [/usr/lib/gcc/x86_64-linux-gnu/7/../../../x86_64-linux-gnu/Scrt1.o] ==> ignore
    arg [/usr/lib/gcc/x86_64-linux-gnu/7/../../../x86_64-linux-gnu/crti.o] ==> ignore
    arg [/usr/lib/gcc/x86_64-linux-gnu/7/crtbeginS.o] ==> ignore
    arg [-L/usr/lib/gcc/x86_64-linux-gnu/7] ==> dir [/usr/lib/gcc/x86_64-linux-gnu/7]
    arg [-L/usr/lib/gcc/x86_64-linux-gnu/7/../../../x86_64-linux-gnu] ==> dir [/usr/lib/gcc/x86_64-linux-gnu/7/../../../x86_64-linux-gnu]
    arg [-L/usr/lib/gcc/x86_64-linux-gnu/7/../../../../lib] ==> dir [/usr/lib/gcc/x86_64-linux-gnu/7/../../../../lib]
    arg [-L/lib/x86_64-linux-gnu] ==> dir [/lib/x86_64-linux-gnu]
    arg [-L/lib/../lib] ==> dir [/lib/../lib]
    arg [-L/usr/lib/x86_64-linux-gnu] ==> dir [/usr/lib/x86_64-linux-gnu]
    arg [-L/usr/lib/../lib] ==> dir [/usr/lib/../lib]
    arg [-L/usr/lib/gcc/x86_64-linux-gnu/7/../../..] ==> dir [/usr/lib/gcc/x86_64-linux-gnu/7/../../..]
    arg [CMakeFiles/cmTC_668ed.dir/CMakeCCompilerABI.c.o] ==> ignore
    arg [-lgcc] ==> lib [gcc]
    arg [--push-state] ==> ignore
    arg [--as-needed] ==> ignore
    arg [-lgcc_s] ==> lib [gcc_s]
    arg [--pop-state] ==> ignore
    arg [-lc] ==> lib [c]
    arg [-lgcc] ==> lib [gcc]
    arg [--push-state] ==> ignore
    arg [--as-needed] ==> ignore
    arg [-lgcc_s] ==> lib [gcc_s]
    arg [--pop-state] ==> ignore
    arg [/usr/lib/gcc/x86_64-linux-gnu/7/crtendS.o] ==> ignore
    arg [/usr/lib/gcc/x86_64-linux-gnu/7/../../../x86_64-linux-gnu/crtn.o] ==> ignore
  collapse library dir [/usr/lib/gcc/x86_64-linux-gnu/7] ==> [/usr/lib/gcc/x86_64-linux-gnu/7]
  collapse library dir [/usr/lib/gcc/x86_64-linux-gnu/7/../../../x86_64-linux-gnu] ==> [/usr/lib/x86_64-linux-gnu]
  collapse library dir [/usr/lib/gcc/x86_64-linux-gnu/7/../../../../lib] ==> [/usr/lib]
  collapse library dir [/lib/x86_64-linux-gnu] ==> [/lib/x86_64-linux-gnu]
  collapse library dir [/lib/../lib] ==> [/lib]
  collapse library dir [/usr/lib/x86_64-linux-gnu] ==> [/usr/lib/x86_64-linux-gnu]
  collapse library dir [/usr/lib/../lib] ==> [/usr/lib]
  collapse library dir [/usr/lib/gcc/x86_64-linux-gnu/7/../../..] ==> [/usr/lib]
  implicit libs: [gcc;gcc_s;c;gcc;gcc_s]
  implicit dirs: [/usr/lib/gcc/x86_64-linux-gnu/7;/usr/lib/x86_64-linux-gnu;/usr/lib;/lib/x86_64-linux-gnu;/lib]
  implicit fwks: []




Detecting C [-std=c11] compiler features compiled with the following output:
Change Dir: /home/marksa/dev/git/fork/gnucash/build-gnucash-3.4-stable/CMakeFiles/CMakeTmp

Run Build Command:"/usr/bin/make" "cmTC_6523c/fast"
/usr/bin/make -f CMakeFiles/cmTC_6523c.dir/build.make CMakeFiles/cmTC_6523c.dir/build
make[1]: Entering directory '/home/marksa/dev/git/fork/gnucash/build-gnucash-3.4-stable/CMakeFiles/CMakeTmp'
Building C object CMakeFiles/cmTC_6523c.dir/feature_tests.c.o
/usr/bin/cc   -std=c11 -o CMakeFiles/cmTC_6523c.dir/feature_tests.c.o   -c /home/marksa/dev/git/fork/gnucash/build-gnucash-3.4-stable/CMakeFiles/feature_tests.c
Linking C executable cmTC_6523c
/usr/bin/cmake -E cmake_link_script CMakeFiles/cmTC_6523c.dir/link.txt --verbose=1
/usr/bin/cc      -rdynamic CMakeFiles/cmTC_6523c.dir/feature_tests.c.o  -o cmTC_6523c 
make[1]: Leaving directory '/home/marksa/dev/git/fork/gnucash/build-gnucash-3.4-stable/CMakeFiles/CMakeTmp'


    Feature record: C_FEATURE:1c_function_prototypes
    Feature record: C_FEATURE:1c_restrict
    Feature record: C_FEATURE:1c_static_assert
    Feature record: C_FEATURE:1c_variadic_macros


Detecting C [-std=c99] compiler features compiled with the following output:
Change Dir: /home/marksa/dev/git/fork/gnucash/build-gnucash-3.4-stable/CMakeFiles/CMakeTmp

Run Build Command:"/usr/bin/make" "cmTC_81cbb/fast"
/usr/bin/make -f CMakeFiles/cmTC_81cbb.dir/build.make CMakeFiles/cmTC_81cbb.dir/build
make[1]: Entering directory '/home/marksa/dev/git/fork/gnucash/build-gnucash-3.4-stable/CMakeFiles/CMakeTmp'
Building C object CMakeFiles/cmTC_81cbb.dir/feature_tests.c.o
/usr/bin/cc   -std=c99 -o CMakeFiles/cmTC_81cbb.dir/feature_tests.c.o   -c /home/marksa/dev/git/fork/gnucash/build-gnucash-3.4-stable/CMakeFiles/feature_tests.c
Linking C executable cmTC_81cbb
/usr/bin/cmake -E cmake_link_script CMakeFiles/cmTC_81cbb.dir/link.txt --verbose=1
/usr/bin/cc      -rdynamic CMakeFiles/cmTC_81cbb.dir/feature_tests.c.o  -o cmTC_81cbb 
make[1]: Leaving directory '/home/marksa/dev/git/fork/gnucash/build-gnucash-3.4-stable/CMakeFiles/CMakeTmp'


    Feature record: C_FEATURE:1c_function_prototypes
    Feature record: C_FEATURE:1c_restrict
    Feature record: C_FEATURE:0c_static_assert
    Feature record: C_FEATURE:1c_variadic_macros


Detecting C [-std=c90] compiler features compiled with the following output:
Change Dir: /home/marksa/dev/git/fork/gnucash/build-gnucash-3.4-stable/CMakeFiles/CMakeTmp

Run Build Command:"/usr/bin/make" "cmTC_9debe/fast"
/usr/bin/make -f CMakeFiles/cmTC_9debe.dir/build.make CMakeFiles/cmTC_9debe.dir/build
make[1]: Entering directory '/home/marksa/dev/git/fork/gnucash/build-gnucash-3.4-stable/CMakeFiles/CMakeTmp'
Building C object CMakeFiles/cmTC_9debe.dir/feature_tests.c.o
/usr/bin/cc   -std=c90 -o CMakeFiles/cmTC_9debe.dir/feature_tests.c.o   -c /home/marksa/dev/git/fork/gnucash/build-gnucash-3.4-stable/CMakeFiles/feature_tests.c
Linking C executable cmTC_9debe
/usr/bin/cmake -E cmake_link_script CMakeFiles/cmTC_9debe.dir/link.txt --verbose=1
/usr/bin/cc      -rdynamic CMakeFiles/cmTC_9debe.dir/feature_tests.c.o  -o cmTC_9debe 
make[1]: Leaving directory '/home/marksa/dev/git/fork/gnucash/build-gnucash-3.4-stable/CMakeFiles/CMakeTmp'


    Feature record: C_FEATURE:1c_function_prototypes
    Feature record: C_FEATURE:0c_restrict
    Feature record: C_FEATURE:0c_static_assert
    Feature record: C_FEATURE:0c_variadic_macros
Determining if the CXX compiler works passed with the following output:
Change Dir: /home/marksa/dev/git/fork/gnucash/build-gnucash-3.4-stable/CMakeFiles/CMakeTmp

Run Build Command:"/usr/bin/make" "cmTC_a65a9/fast"
/usr/bin/make -f CMakeFiles/cmTC_a65a9.dir/build.make CMakeFiles/cmTC_a65a9.dir/build
make[1]: Entering directory '/home/marksa/dev/git/fork/gnucash/build-gnucash-3.4-stable/CMakeFiles/CMakeTmp'
Building CXX object CMakeFiles/cmTC_a65a9.dir/testCXXCompiler.cxx.o
/usr/bin/c++     -o CMakeFiles/cmTC_a65a9.dir/testCXXCompiler.cxx.o -c /home/marksa/dev/git/fork/gnucash/build-gnucash-3.4-stable/CMakeFiles/CMakeTmp/testCXXCompiler.cxx
Linking CXX executable cmTC_a65a9
/usr/bin/cmake -E cmake_link_script CMakeFiles/cmTC_a65a9.dir/link.txt --verbose=1
/usr/bin/c++       -rdynamic CMakeFiles/cmTC_a65a9.dir/testCXXCompiler.cxx.o  -o cmTC_a65a9 
make[1]: Leaving directory '/home/marksa/dev/git/fork/gnucash/build-gnucash-3.4-stable/CMakeFiles/CMakeTmp'


Detecting CXX compiler ABI info compiled with the following output:
Change Dir: /home/marksa/dev/git/fork/gnucash/build-gnucash-3.4-stable/CMakeFiles/CMakeTmp

Run Build Command:"/usr/bin/make" "cmTC_db190/fast"
/usr/bin/make -f CMakeFiles/cmTC_db190.dir/build.make CMakeFiles/cmTC_db190.dir/build
make[1]: Entering directory '/home/marksa/dev/git/fork/gnucash/build-gnucash-3.4-stable/CMakeFiles/CMakeTmp'
Building CXX object CMakeFiles/cmTC_db190.dir/CMakeCXXCompilerABI.cpp.o
/usr/bin/c++     -o CMakeFiles/cmTC_db190.dir/CMakeCXXCompilerABI.cpp.o -c /usr/share/cmake-3.10/Modules/CMakeCXXCompilerABI.cpp
Linking CXX executable cmTC_db190
/usr/bin/cmake -E cmake_link_script CMakeFiles/cmTC_db190.dir/link.txt --verbose=1
/usr/bin/c++      -v -rdynamic CMakeFiles/cmTC_db190.dir/CMakeCXXCompilerABI.cpp.o  -o cmTC_db190 
Using built-in specs.
COLLECT_GCC=/usr/bin/c++
COLLECT_LTO_WRAPPER=/usr/lib/gcc/x86_64-linux-gnu/7/lto-wrapper
OFFLOAD_TARGET_NAMES=nvptx-none
OFFLOAD_TARGET_DEFAULT=1
Target: x86_64-linux-gnu
Configured with: ../src/configure -v --with-pkgversion='Ubuntu 7.3.0-27ubuntu1~18.04' --with-bugurl=file:///usr/share/doc/gcc-7/README.Bugs --enable-languages=c,ada,c++,go,brig,d,fortran,objc,obj-c++ --prefix=/usr --with-gcc-major-version-only --program-suffix=-7 --program-prefix=x86_64-linux-gnu- --enable-shared --enable-linker-build-id --libexecdir=/usr/lib --without-included-gettext --enable-threads=posix --libdir=/usr/lib --enable-nls --with-sysroot=/ --enable-clocale=gnu --enable-libstdcxx-debug --enable-libstdcxx-time=yes --with-default-libstdcxx-abi=new --enable-gnu-unique-object --disable-vtable-verify --enable-libmpx --enable-plugin --enable-default-pie --with-system-zlib --with-target-system-zlib --enable-objc-gc=auto --enable-multiarch --disable-werror --with-arch-32=i686 --with-abi=m64 --with-multilib-list=m32,m64,mx32 --enable-multilib --with-tune=generic --enable-offload-targets=nvptx-none --without-cuda-driver --enable-checking=release --build=x86_64-linux-gnu --host=x86_64-linux-gnu --target=x86_64-linux-gnu
Thread model: posix
gcc version 7.3.0 (Ubuntu 7.3.0-27ubuntu1~18.04) 
COMPILER_PATH=/usr/lib/gcc/x86_64-linux-gnu/7/:/usr/lib/gcc/x86_64-linux-gnu/7/:/usr/lib/gcc/x86_64-linux-gnu/:/usr/lib/gcc/x86_64-linux-gnu/7/:/usr/lib/gcc/x86_64-linux-gnu/
LIBRARY_PATH=/usr/lib/gcc/x86_64-linux-gnu/7/:/usr/lib/gcc/x86_64-linux-gnu/7/../../../x86_64-linux-gnu/:/usr/lib/gcc/x86_64-linux-gnu/7/../../../../lib/:/lib/x86_64-linux-gnu/:/lib/../lib/:/usr/lib/x86_64-linux-gnu/:/usr/lib/../lib/:/usr/lib/gcc/x86_64-linux-gnu/7/../../../:/lib/:/usr/lib/
COLLECT_GCC_OPTIONS='-v' '-rdynamic' '-o' 'cmTC_db190' '-shared-libgcc' '-mtune=generic' '-march=x86-64'
 /usr/lib/gcc/x86_64-linux-gnu/7/collect2 -plugin /usr/lib/gcc/x86_64-linux-gnu/7/liblto_plugin.so -plugin-opt=/usr/lib/gcc/x86_64-linux-gnu/7/lto-wrapper -plugin-opt=-fresolution=/tmp/ccI2e5iw.res -plugin-opt=-pass-through=-lgcc_s -plugin-opt=-pass-through=-lgcc -plugin-opt=-pass-through=-lc -plugin-opt=-pass-through=-lgcc_s -plugin-opt=-pass-through=-lgcc --sysroot=/ --build-id --eh-frame-hdr -m elf_x86_64 --hash-style=gnu --as-needed -export-dynamic -dynamic-linker /lib64/ld-linux-x86-64.so.2 -pie -z now -z relro -o cmTC_db190 /usr/lib/gcc/x86_64-linux-gnu/7/../../../x86_64-linux-gnu/Scrt1.o /usr/lib/gcc/x86_64-linux-gnu/7/../../../x86_64-linux-gnu/crti.o /usr/lib/gcc/x86_64-linux-gnu/7/crtbeginS.o -L/usr/lib/gcc/x86_64-linux-gnu/7 -L/usr/lib/gcc/x86_64-linux-gnu/7/../../../x86_64-linux-gnu -L/usr/lib/gcc/x86_64-linux-gnu/7/../../../../lib -L/lib/x86_64-linux-gnu -L/lib/../lib -L/usr/lib/x86_64-linux-gnu -L/usr/lib/../lib -L/usr/lib/gcc/x86_64-linux-gnu/7/../../.. CMakeFiles/cmTC_db190.dir/CMakeCXXCompilerABI.cpp.o -lstdc++ -lm -lgcc_s -lgcc -lc -lgcc_s -lgcc /usr/lib/gcc/x86_64-linux-gnu/7/crtendS.o /usr/lib/gcc/x86_64-linux-gnu/7/../../../x86_64-linux-gnu/crtn.o
COLLECT_GCC_OPTIONS='-v' '-rdynamic' '-o' 'cmTC_db190' '-shared-libgcc' '-mtune=generic' '-march=x86-64'
make[1]: Leaving directory '/home/marksa/dev/git/fork/gnucash/build-gnucash-3.4-stable/CMakeFiles/CMakeTmp'


Parsed CXX implicit link information from above output:
  link line regex: [^( *|.*[/\])(ld|CMAKE_LINK_STARTFILE-NOTFOUND|([^/\]+-)?ld|collect2)[^/\]*( |$)]
  ignore line: [Change Dir: /home/marksa/dev/git/fork/gnucash/build-gnucash-3.4-stable/CMakeFiles/CMakeTmp]
  ignore line: []
  ignore line: [Run Build Command:"/usr/bin/make" "cmTC_db190/fast"]
  ignore line: [/usr/bin/make -f CMakeFiles/cmTC_db190.dir/build.make CMakeFiles/cmTC_db190.dir/build]
  ignore line: [make[1]: Entering directory '/home/marksa/dev/git/fork/gnucash/build-gnucash-3.4-stable/CMakeFiles/CMakeTmp']
  ignore line: [Building CXX object CMakeFiles/cmTC_db190.dir/CMakeCXXCompilerABI.cpp.o]
  ignore line: [/usr/bin/c++     -o CMakeFiles/cmTC_db190.dir/CMakeCXXCompilerABI.cpp.o -c /usr/share/cmake-3.10/Modules/CMakeCXXCompilerABI.cpp]
  ignore line: [Linking CXX executable cmTC_db190]
  ignore line: [/usr/bin/cmake -E cmake_link_script CMakeFiles/cmTC_db190.dir/link.txt --verbose=1]
  ignore line: [/usr/bin/c++      -v -rdynamic CMakeFiles/cmTC_db190.dir/CMakeCXXCompilerABI.cpp.o  -o cmTC_db190 ]
  ignore line: [Using built-in specs.]
  ignore line: [COLLECT_GCC=/usr/bin/c++]
  ignore line: [COLLECT_LTO_WRAPPER=/usr/lib/gcc/x86_64-linux-gnu/7/lto-wrapper]
  ignore line: [OFFLOAD_TARGET_NAMES=nvptx-none]
  ignore line: [OFFLOAD_TARGET_DEFAULT=1]
  ignore line: [Target: x86_64-linux-gnu]
  ignore line: [Configured with: ../src/configure -v --with-pkgversion='Ubuntu 7.3.0-27ubuntu1~18.04' --with-bugurl=file:///usr/share/doc/gcc-7/README.Bugs --enable-languages=c,ada,c++,go,brig,d,fortran,objc,obj-c++ --prefix=/usr --with-gcc-major-version-only --program-suffix=-7 --program-prefix=x86_64-linux-gnu- --enable-shared --enable-linker-build-id --libexecdir=/usr/lib --without-included-gettext --enable-threads=posix --libdir=/usr/lib --enable-nls --with-sysroot=/ --enable-clocale=gnu --enable-libstdcxx-debug --enable-libstdcxx-time=yes --with-default-libstdcxx-abi=new --enable-gnu-unique-object --disable-vtable-verify --enable-libmpx --enable-plugin --enable-default-pie --with-system-zlib --with-target-system-zlib --enable-objc-gc=auto --enable-multiarch --disable-werror --with-arch-32=i686 --with-abi=m64 --with-multilib-list=m32,m64,mx32 --enable-multilib --with-tune=generic --enable-offload-targets=nvptx-none --without-cuda-driver --enable-checking=release --build=x86_64-linux-gnu --host=x86_64-linux-gnu --target=x86_64-linux-gnu]
  ignore line: [Thread model: posix]
  ignore line: [gcc version 7.3.0 (Ubuntu 7.3.0-27ubuntu1~18.04) ]
  ignore line: [COMPILER_PATH=/usr/lib/gcc/x86_64-linux-gnu/7/:/usr/lib/gcc/x86_64-linux-gnu/7/:/usr/lib/gcc/x86_64-linux-gnu/:/usr/lib/gcc/x86_64-linux-gnu/7/:/usr/lib/gcc/x86_64-linux-gnu/]
  ignore line: [LIBRARY_PATH=/usr/lib/gcc/x86_64-linux-gnu/7/:/usr/lib/gcc/x86_64-linux-gnu/7/../../../x86_64-linux-gnu/:/usr/lib/gcc/x86_64-linux-gnu/7/../../../../lib/:/lib/x86_64-linux-gnu/:/lib/../lib/:/usr/lib/x86_64-linux-gnu/:/usr/lib/../lib/:/usr/lib/gcc/x86_64-linux-gnu/7/../../../:/lib/:/usr/lib/]
  ignore line: [COLLECT_GCC_OPTIONS='-v' '-rdynamic' '-o' 'cmTC_db190' '-shared-libgcc' '-mtune=generic' '-march=x86-64']
  link line: [ /usr/lib/gcc/x86_64-linux-gnu/7/collect2 -plugin /usr/lib/gcc/x86_64-linux-gnu/7/liblto_plugin.so -plugin-opt=/usr/lib/gcc/x86_64-linux-gnu/7/lto-wrapper -plugin-opt=-fresolution=/tmp/ccI2e5iw.res -plugin-opt=-pass-through=-lgcc_s -plugin-opt=-pass-through=-lgcc -plugin-opt=-pass-through=-lc -plugin-opt=-pass-through=-lgcc_s -plugin-opt=-pass-through=-lgcc --sysroot=/ --build-id --eh-frame-hdr -m elf_x86_64 --hash-style=gnu --as-needed -export-dynamic -dynamic-linker /lib64/ld-linux-x86-64.so.2 -pie -z now -z relro -o cmTC_db190 /usr/lib/gcc/x86_64-linux-gnu/7/../../../x86_64-linux-gnu/Scrt1.o /usr/lib/gcc/x86_64-linux-gnu/7/../../../x86_64-linux-gnu/crti.o /usr/lib/gcc/x86_64-linux-gnu/7/crtbeginS.o -L/usr/lib/gcc/x86_64-linux-gnu/7 -L/usr/lib/gcc/x86_64-linux-gnu/7/../../../x86_64-linux-gnu -L/usr/lib/gcc/x86_64-linux-gnu/7/../../../../lib -L/lib/x86_64-linux-gnu -L/lib/../lib -L/usr/lib/x86_64-linux-gnu -L/usr/lib/../lib -L/usr/lib/gcc/x86_64-linux-gnu/7/../../.. CMakeFiles/cmTC_db190.dir/CMakeCXXCompilerABI.cpp.o -lstdc++ -lm -lgcc_s -lgcc -lc -lgcc_s -lgcc /usr/lib/gcc/x86_64-linux-gnu/7/crtendS.o /usr/lib/gcc/x86_64-linux-gnu/7/../../../x86_64-linux-gnu/crtn.o]
    arg [/usr/lib/gcc/x86_64-linux-gnu/7/collect2] ==> ignore
    arg [-plugin] ==> ignore
    arg [/usr/lib/gcc/x86_64-linux-gnu/7/liblto_plugin.so] ==> ignore
    arg [-plugin-opt=/usr/lib/gcc/x86_64-linux-gnu/7/lto-wrapper] ==> ignore
    arg [-plugin-opt=-fresolution=/tmp/ccI2e5iw.res] ==> ignore
    arg [-plugin-opt=-pass-through=-lgcc_s] ==> ignore
    arg [-plugin-opt=-pass-through=-lgcc] ==> ignore
    arg [-plugin-opt=-pass-through=-lc] ==> ignore
    arg [-plugin-opt=-pass-through=-lgcc_s] ==> ignore
    arg [-plugin-opt=-pass-through=-lgcc] ==> ignore
    arg [--sysroot=/] ==> ignore
    arg [--build-id] ==> ignore
    arg [--eh-frame-hdr] ==> ignore
    arg [-m] ==> ignore
    arg [elf_x86_64] ==> ignore
    arg [--hash-style=gnu] ==> ignore
    arg [--as-needed] ==> ignore
    arg [-export-dynamic] ==> ignore
    arg [-dynamic-linker] ==> ignore
    arg [/lib64/ld-linux-x86-64.so.2] ==> ignore
    arg [-pie] ==> ignore
    arg [-znow] ==> ignore
    arg [-zrelro] ==> ignore
    arg [-o] ==> ignore
    arg [cmTC_db190] ==> ignore
    arg [/usr/lib/gcc/x86_64-linux-gnu/7/../../../x86_64-linux-gnu/Scrt1.o] ==> ignore
    arg [/usr/lib/gcc/x86_64-linux-gnu/7/../../../x86_64-linux-gnu/crti.o] ==> ignore
    arg [/usr/lib/gcc/x86_64-linux-gnu/7/crtbeginS.o] ==> ignore
    arg [-L/usr/lib/gcc/x86_64-linux-gnu/7] ==> dir [/usr/lib/gcc/x86_64-linux-gnu/7]
    arg [-L/usr/lib/gcc/x86_64-linux-gnu/7/../../../x86_64-linux-gnu] ==> dir [/usr/lib/gcc/x86_64-linux-gnu/7/../../../x86_64-linux-gnu]
    arg [-L/usr/lib/gcc/x86_64-linux-gnu/7/../../../../lib] ==> dir [/usr/lib/gcc/x86_64-linux-gnu/7/../../../../lib]
    arg [-L/lib/x86_64-linux-gnu] ==> dir [/lib/x86_64-linux-gnu]
    arg [-L/lib/../lib] ==> dir [/lib/../lib]
    arg [-L/usr/lib/x86_64-linux-gnu] ==> dir [/usr/lib/x86_64-linux-gnu]
    arg [-L/usr/lib/../lib] ==> dir [/usr/lib/../lib]
    arg [-L/usr/lib/gcc/x86_64-linux-gnu/7/../../..] ==> dir [/usr/lib/gcc/x86_64-linux-gnu/7/../../..]
    arg [CMakeFiles/cmTC_db190.dir/CMakeCXXCompilerABI.cpp.o] ==> ignore
    arg [-lstdc++] ==> lib [stdc++]
    arg [-lm] ==> lib [m]
    arg [-lgcc_s] ==> lib [gcc_s]
    arg [-lgcc] ==> lib [gcc]
    arg [-lc] ==> lib [c]
    arg [-lgcc_s] ==> lib [gcc_s]
    arg [-lgcc] ==> lib [gcc]
    arg [/usr/lib/gcc/x86_64-linux-gnu/7/crtendS.o] ==> ignore
    arg [/usr/lib/gcc/x86_64-linux-gnu/7/../../../x86_64-linux-gnu/crtn.o] ==> ignore
  collapse library dir [/usr/lib/gcc/x86_64-linux-gnu/7] ==> [/usr/lib/gcc/x86_64-linux-gnu/7]
  collapse library dir [/usr/lib/gcc/x86_64-linux-gnu/7/../../../x86_64-linux-gnu] ==> [/usr/lib/x86_64-linux-gnu]
  collapse library dir [/usr/lib/gcc/x86_64-linux-gnu/7/../../../../lib] ==> [/usr/lib]
  collapse library dir [/lib/x86_64-linux-gnu] ==> [/lib/x86_64-linux-gnu]
  collapse library dir [/lib/../lib] ==> [/lib]
  collapse library dir [/usr/lib/x86_64-linux-gnu] ==> [/usr/lib/x86_64-linux-gnu]
  collapse library dir [/usr/lib/../lib] ==> [/usr/lib]
  collapse library dir [/usr/lib/gcc/x86_64-linux-gnu/7/../../..] ==> [/usr/lib]
  implicit libs: [stdc++;m;gcc_s;gcc;c;gcc_s;gcc]
  implicit dirs: [/usr/lib/gcc/x86_64-linux-gnu/7;/usr/lib/x86_64-linux-gnu;/usr/lib;/lib/x86_64-linux-gnu;/lib]
  implicit fwks: []




Detecting CXX [-std=c++1z] compiler features compiled with the following output:
Change Dir: /home/marksa/dev/git/fork/gnucash/build-gnucash-3.4-stable/CMakeFiles/CMakeTmp

Run Build Command:"/usr/bin/make" "cmTC_a34af/fast"
/usr/bin/make -f CMakeFiles/cmTC_a34af.dir/build.make CMakeFiles/cmTC_a34af.dir/build
make[1]: Entering directory '/home/marksa/dev/git/fork/gnucash/build-gnucash-3.4-stable/CMakeFiles/CMakeTmp'
Building CXX object CMakeFiles/cmTC_a34af.dir/feature_tests.cxx.o
/usr/bin/c++    -std=c++1z -o CMakeFiles/cmTC_a34af.dir/feature_tests.cxx.o -c /home/marksa/dev/git/fork/gnucash/build-gnucash-3.4-stable/CMakeFiles/feature_tests.cxx
Linking CXX executable cmTC_a34af
/usr/bin/cmake -E cmake_link_script CMakeFiles/cmTC_a34af.dir/link.txt --verbose=1
/usr/bin/c++       -rdynamic CMakeFiles/cmTC_a34af.dir/feature_tests.cxx.o  -o cmTC_a34af 
make[1]: Leaving directory '/home/marksa/dev/git/fork/gnucash/build-gnucash-3.4-stable/CMakeFiles/CMakeTmp'


    Feature record: CXX_FEATURE:1cxx_aggregate_default_initializers
    Feature record: CXX_FEATURE:1cxx_alias_templates
    Feature record: CXX_FEATURE:1cxx_alignas
    Feature record: CXX_FEATURE:1cxx_alignof
    Feature record: CXX_FEATURE:1cxx_attributes
    Feature record: CXX_FEATURE:1cxx_attribute_deprecated
    Feature record: CXX_FEATURE:1cxx_auto_type
    Feature record: CXX_FEATURE:1cxx_binary_literals
    Feature record: CXX_FEATURE:1cxx_constexpr
    Feature record: CXX_FEATURE:1cxx_contextual_conversions
    Feature record: CXX_FEATURE:1cxx_decltype
    Feature record: CXX_FEATURE:1cxx_decltype_auto
    Feature record: CXX_FEATURE:1cxx_decltype_incomplete_return_types
    Feature record: CXX_FEATURE:1cxx_default_function_template_args
    Feature record: CXX_FEATURE:1cxx_defaulted_functions
    Feature record: CXX_FEATURE:1cxx_defaulted_move_initializers
    Feature record: CXX_FEATURE:1cxx_delegating_constructors
    Feature record: CXX_FEATURE:1cxx_deleted_functions
    Feature record: CXX_FEATURE:1cxx_digit_separators
    Feature record: CXX_FEATURE:1cxx_enum_forward_declarations
    Feature record: CXX_FEATURE:1cxx_explicit_conversions
    Feature record: CXX_FEATURE:1cxx_extended_friend_declarations
    Feature record: CXX_FEATURE:1cxx_extern_templates
    Feature record: CXX_FEATURE:1cxx_final
    Feature record: CXX_FEATURE:1cxx_func_identifier
    Feature record: CXX_FEATURE:1cxx_generalized_initializers
    Feature record: CXX_FEATURE:1cxx_generic_lambdas
    Feature record: CXX_FEATURE:1cxx_inheriting_constructors
    Feature record: CXX_FEATURE:1cxx_inline_namespaces
    Feature record: CXX_FEATURE:1cxx_lambdas
    Feature record: CXX_FEATURE:1cxx_lambda_init_captures
    Feature record: CXX_FEATURE:1cxx_local_type_template_args
    Feature record: CXX_FEATURE:1cxx_long_long_type
    Feature record: CXX_FEATURE:1cxx_noexcept
    Feature record: CXX_FEATURE:1cxx_nonstatic_member_init
    Feature record: CXX_FEATURE:1cxx_nullptr
    Feature record: CXX_FEATURE:1cxx_override
    Feature record: CXX_FEATURE:1cxx_range_for
    Feature record: CXX_FEATURE:1cxx_raw_string_literals
    Feature record: CXX_FEATURE:1cxx_reference_qualified_functions
    Feature record: CXX_FEATURE:1cxx_relaxed_constexpr
    Feature record: CXX_FEATURE:1cxx_return_type_deduction
    Feature record: CXX_FEATURE:1cxx_right_angle_brackets
    Feature record: CXX_FEATURE:1cxx_rvalue_references
    Feature record: CXX_FEATURE:1cxx_sizeof_member
    Feature record: CXX_FEATURE:1cxx_static_assert
    Feature record: CXX_FEATURE:1cxx_strong_enums
    Feature record: CXX_FEATURE:1cxx_template_template_parameters
    Feature record: CXX_FEATURE:1cxx_thread_local
    Feature record: CXX_FEATURE:1cxx_trailing_return_types
    Feature record: CXX_FEATURE:1cxx_unicode_literals
    Feature record: CXX_FEATURE:1cxx_uniform_initialization
    Feature record: CXX_FEATURE:1cxx_unrestricted_unions
    Feature record: CXX_FEATURE:1cxx_user_literals
    Feature record: CXX_FEATURE:1cxx_variable_templates
    Feature record: CXX_FEATURE:1cxx_variadic_macros
    Feature record: CXX_FEATURE:1cxx_variadic_templates


Detecting CXX [-std=c++14] compiler features compiled with the following output:
Change Dir: /home/marksa/dev/git/fork/gnucash/build-gnucash-3.4-stable/CMakeFiles/CMakeTmp

Run Build Command:"/usr/bin/make" "cmTC_b3031/fast"
/usr/bin/make -f CMakeFiles/cmTC_b3031.dir/build.make CMakeFiles/cmTC_b3031.dir/build
make[1]: Entering directory '/home/marksa/dev/git/fork/gnucash/build-gnucash-3.4-stable/CMakeFiles/CMakeTmp'
Building CXX object CMakeFiles/cmTC_b3031.dir/feature_tests.cxx.o
/usr/bin/c++    -std=c++14 -o CMakeFiles/cmTC_b3031.dir/feature_tests.cxx.o -c /home/marksa/dev/git/fork/gnucash/build-gnucash-3.4-stable/CMakeFiles/feature_tests.cxx
Linking CXX executable cmTC_b3031
/usr/bin/cmake -E cmake_link_script CMakeFiles/cmTC_b3031.dir/link.txt --verbose=1
/usr/bin/c++       -rdynamic CMakeFiles/cmTC_b3031.dir/feature_tests.cxx.o  -o cmTC_b3031 
make[1]: Leaving directory '/home/marksa/dev/git/fork/gnucash/build-gnucash-3.4-stable/CMakeFiles/CMakeTmp'


    Feature record: CXX_FEATURE:1cxx_aggregate_default_initializers
    Feature record: CXX_FEATURE:1cxx_alias_templates
    Feature record: CXX_FEATURE:1cxx_alignas
    Feature record: CXX_FEATURE:1cxx_alignof
    Feature record: CXX_FEATURE:1cxx_attributes
    Feature record: CXX_FEATURE:1cxx_attribute_deprecated
    Feature record: CXX_FEATURE:1cxx_auto_type
    Feature record: CXX_FEATURE:1cxx_binary_literals
    Feature record: CXX_FEATURE:1cxx_constexpr
    Feature record: CXX_FEATURE:1cxx_contextual_conversions
    Feature record: CXX_FEATURE:1cxx_decltype
    Feature record: CXX_FEATURE:1cxx_decltype_auto
    Feature record: CXX_FEATURE:1cxx_decltype_incomplete_return_types
    Feature record: CXX_FEATURE:1cxx_default_function_template_args
    Feature record: CXX_FEATURE:1cxx_defaulted_functions
    Feature record: CXX_FEATURE:1cxx_defaulted_move_initializers
    Feature record: CXX_FEATURE:1cxx_delegating_constructors
    Feature record: CXX_FEATURE:1cxx_deleted_functions
    Feature record: CXX_FEATURE:1cxx_digit_separators
    Feature record: CXX_FEATURE:1cxx_enum_forward_declarations
    Feature record: CXX_FEATURE:1cxx_explicit_conversions
    Feature record: CXX_FEATURE:1cxx_extended_friend_declarations
    Feature record: CXX_FEATURE:1cxx_extern_templates
    Feature record: CXX_FEATURE:1cxx_final
    Feature record: CXX_FEATURE:1cxx_func_identifier
    Feature record: CXX_FEATURE:1cxx_generalized_initializers
    Feature record: CXX_FEATURE:1cxx_generic_lambdas
    Feature record: CXX_FEATURE:1cxx_inheriting_constructors
    Feature record: CXX_FEATURE:1cxx_inline_namespaces
    Feature record: CXX_FEATURE:1cxx_lambdas
    Feature record: CXX_FEATURE:1cxx_lambda_init_captures
    Feature record: CXX_FEATURE:1cxx_local_type_template_args
    Feature record: CXX_FEATURE:1cxx_long_long_type
    Feature record: CXX_FEATURE:1cxx_noexcept
    Feature record: CXX_FEATURE:1cxx_nonstatic_member_init
    Feature record: CXX_FEATURE:1cxx_nullptr
    Feature record: CXX_FEATURE:1cxx_override
    Feature record: CXX_FEATURE:1cxx_range_for
    Feature record: CXX_FEATURE:1cxx_raw_string_literals
    Feature record: CXX_FEATURE:1cxx_reference_qualified_functions
    Feature record: CXX_FEATURE:1cxx_relaxed_constexpr
    Feature record: CXX_FEATURE:1cxx_return_type_deduction
    Feature record: CXX_FEATURE:1cxx_right_angle_brackets
    Feature record: CXX_FEATURE:1cxx_rvalue_references
    Feature record: CXX_FEATURE:1cxx_sizeof_member
    Feature record: CXX_FEATURE:1cxx_static_assert
    Feature record: CXX_FEATURE:1cxx_strong_enums
    Feature record: CXX_FEATURE:1cxx_template_template_parameters
    Feature record: CXX_FEATURE:1cxx_thread_local
    Feature record: CXX_FEATURE:1cxx_trailing_return_types
    Feature record: CXX_FEATURE:1cxx_unicode_literals
    Feature record: CXX_FEATURE:1cxx_uniform_initialization
    Feature record: CXX_FEATURE:1cxx_unrestricted_unions
    Feature record: CXX_FEATURE:1cxx_user_literals
    Feature record: CXX_FEATURE:1cxx_variable_templates
    Feature record: CXX_FEATURE:1cxx_variadic_macros
    Feature record: CXX_FEATURE:1cxx_variadic_templates


Detecting CXX [-std=c++11] compiler features compiled with the following output:
Change Dir: /home/marksa/dev/git/fork/gnucash/build-gnucash-3.4-stable/CMakeFiles/CMakeTmp

Run Build Command:"/usr/bin/make" "cmTC_e459a/fast"
/usr/bin/make -f CMakeFiles/cmTC_e459a.dir/build.make CMakeFiles/cmTC_e459a.dir/build
make[1]: Entering directory '/home/marksa/dev/git/fork/gnucash/build-gnucash-3.4-stable/CMakeFiles/CMakeTmp'
Building CXX object CMakeFiles/cmTC_e459a.dir/feature_tests.cxx.o
/usr/bin/c++    -std=c++11 -o CMakeFiles/cmTC_e459a.dir/feature_tests.cxx.o -c /home/marksa/dev/git/fork/gnucash/build-gnucash-3.4-stable/CMakeFiles/feature_tests.cxx
Linking CXX executable cmTC_e459a
/usr/bin/cmake -E cmake_link_script CMakeFiles/cmTC_e459a.dir/link.txt --verbose=1
/usr/bin/c++       -rdynamic CMakeFiles/cmTC_e459a.dir/feature_tests.cxx.o  -o cmTC_e459a 
make[1]: Leaving directory '/home/marksa/dev/git/fork/gnucash/build-gnucash-3.4-stable/CMakeFiles/CMakeTmp'


    Feature record: CXX_FEATURE:0cxx_aggregate_default_initializers
    Feature record: CXX_FEATURE:1cxx_alias_templates
    Feature record: CXX_FEATURE:1cxx_alignas
    Feature record: CXX_FEATURE:1cxx_alignof
    Feature record: CXX_FEATURE:1cxx_attributes
    Feature record: CXX_FEATURE:0cxx_attribute_deprecated
    Feature record: CXX_FEATURE:1cxx_auto_type
    Feature record: CXX_FEATURE:0cxx_binary_literals
    Feature record: CXX_FEATURE:1cxx_constexpr
    Feature record: CXX_FEATURE:0cxx_contextual_conversions
    Feature record: CXX_FEATURE:1cxx_decltype
    Feature record: CXX_FEATURE:0cxx_decltype_auto
    Feature record: CXX_FEATURE:1cxx_decltype_incomplete_return_types
    Feature record: CXX_FEATURE:1cxx_default_function_template_args
    Feature record: CXX_FEATURE:1cxx_defaulted_functions
    Feature record: CXX_FEATURE:1cxx_defaulted_move_initializers
    Feature record: CXX_FEATURE:1cxx_delegating_constructors
    Feature record: CXX_FEATURE:1cxx_deleted_functions
    Feature record: CXX_FEATURE:0cxx_digit_separators
    Feature record: CXX_FEATURE:1cxx_enum_forward_declarations
    Feature record: CXX_FEATURE:1cxx_explicit_conversions
    Feature record: CXX_FEATURE:1cxx_extended_friend_declarations
    Feature record: CXX_FEATURE:1cxx_extern_templates
    Feature record: CXX_FEATURE:1cxx_final
    Feature record: CXX_FEATURE:1cxx_func_identifier
    Feature record: CXX_FEATURE:1cxx_generalized_initializers
    Feature record: CXX_FEATURE:0cxx_generic_lambdas
    Feature record: CXX_FEATURE:1cxx_inheriting_constructors
    Feature record: CXX_FEATURE:1cxx_inline_namespaces
    Feature record: CXX_FEATURE:1cxx_lambdas
    Feature record: CXX_FEATURE:0cxx_lambda_init_captures
    Feature record: CXX_FEATURE:1cxx_local_type_template_args
    Feature record: CXX_FEATURE:1cxx_long_long_type
    Feature record: CXX_FEATURE:1cxx_noexcept
    Feature record: CXX_FEATURE:1cxx_nonstatic_member_init
    Feature record: CXX_FEATURE:1cxx_nullptr
    Feature record: CXX_FEATURE:1cxx_override
    Feature record: CXX_FEATURE:1cxx_range_for
    Feature record: CXX_FEATURE:1cxx_raw_string_literals
    Feature record: CXX_FEATURE:1cxx_reference_qualified_functions
    Feature record: CXX_FEATURE:0cxx_relaxed_constexpr
    Feature record: CXX_FEATURE:0cxx_return_type_deduction
    Feature record: CXX_FEATURE:1cxx_right_angle_brackets
    Feature record: CXX_FEATURE:1cxx_rvalue_references
    Feature record: CXX_FEATURE:1cxx_sizeof_member
    Feature record: CXX_FEATURE:1cxx_static_assert
    Feature record: CXX_FEATURE:1cxx_strong_enums
    Feature record: CXX_FEATURE:1cxx_template_template_parameters
    Feature record: CXX_FEATURE:1cxx_thread_local
    Feature record: CXX_FEATURE:1cxx_trailing_return_types
    Feature record: CXX_FEATURE:1cxx_unicode_literals
    Feature record: CXX_FEATURE:1cxx_uniform_initialization
    Feature record: CXX_FEATURE:1cxx_unrestricted_unions
    Feature record: CXX_FEATURE:1cxx_user_literals
    Feature record: CXX_FEATURE:0cxx_variable_templates
    Feature record: CXX_FEATURE:1cxx_variadic_macros
    Feature record: CXX_FEATURE:1cxx_variadic_templates


Detecting CXX [-std=c++98] compiler features compiled with the following output:
Change Dir: /home/marksa/dev/git/fork/gnucash/build-gnucash-3.4-stable/CMakeFiles/CMakeTmp

Run Build Command:"/usr/bin/make" "cmTC_22cd0/fast"
/usr/bin/make -f CMakeFiles/cmTC_22cd0.dir/build.make CMakeFiles/cmTC_22cd0.dir/build
make[1]: Entering directory '/home/marksa/dev/git/fork/gnucash/build-gnucash-3.4-stable/CMakeFiles/CMakeTmp'
Building CXX object CMakeFiles/cmTC_22cd0.dir/feature_tests.cxx.o
/usr/bin/c++    -std=c++98 -o CMakeFiles/cmTC_22cd0.dir/feature_tests.cxx.o -c /home/marksa/dev/git/fork/gnucash/build-gnucash-3.4-stable/CMakeFiles/feature_tests.cxx
Linking CXX executable cmTC_22cd0
/usr/bin/cmake -E cmake_link_script CMakeFiles/cmTC_22cd0.dir/link.txt --verbose=1
/usr/bin/c++       -rdynamic CMakeFiles/cmTC_22cd0.dir/feature_tests.cxx.o  -o cmTC_22cd0 
make[1]: Leaving directory '/home/marksa/dev/git/fork/gnucash/build-gnucash-3.4-stable/CMakeFiles/CMakeTmp'


    Feature record: CXX_FEATURE:0cxx_aggregate_default_initializers
    Feature record: CXX_FEATURE:0cxx_alias_templates
    Feature record: CXX_FEATURE:0cxx_alignas
    Feature record: CXX_FEATURE:0cxx_alignof
    Feature record: CXX_FEATURE:0cxx_attributes
    Feature record: CXX_FEATURE:0cxx_attribute_deprecated
    Feature record: CXX_FEATURE:0cxx_auto_type
    Feature record: CXX_FEATURE:0cxx_binary_literals
    Feature record: CXX_FEATURE:0cxx_constexpr
    Feature record: CXX_FEATURE:0cxx_contextual_conversions
    Feature record: CXX_FEATURE:0cxx_decltype
    Feature record: CXX_FEATURE:0cxx_decltype_auto
    Feature record: CXX_FEATURE:0cxx_decltype_incomplete_return_types
    Feature record: CXX_FEATURE:0cxx_default_function_template_args
    Feature record: CXX_FEATURE:0cxx_defaulted_functions
    Feature record: CXX_FEATURE:0cxx_defaulted_move_initializers
    Feature record: CXX_FEATURE:0cxx_delegating_constructors
    Feature record: CXX_FEATURE:0cxx_deleted_functions
    Feature record: CXX_FEATURE:0cxx_digit_separators
    Feature record: CXX_FEATURE:0cxx_enum_forward_declarations
    Feature record: CXX_FEATURE:0cxx_explicit_conversions
    Feature record: CXX_FEATURE:0cxx_extended_friend_declarations
    Feature record: CXX_FEATURE:0cxx_extern_templates
    Feature record: CXX_FEATURE:0cxx_final
    Feature record: CXX_FEATURE:0cxx_func_identifier
    Feature record: CXX_FEATURE:0cxx_generalized_initializers
    Feature record: CXX_FEATURE:0cxx_generic_lambdas
    Feature record: CXX_FEATURE:0cxx_inheriting_constructors
    Feature record: CXX_FEATURE:0cxx_inline_namespaces
    Feature record: CXX_FEATURE:0cxx_lambdas
    Feature record: CXX_FEATURE:0cxx_lambda_init_captures
    Feature record: CXX_FEATURE:0cxx_local_type_template_args
    Feature record: CXX_FEATURE:0cxx_long_long_type
    Feature record: CXX_FEATURE:0cxx_noexcept
    Feature record: CXX_FEATURE:0cxx_nonstatic_member_init
    Feature record: CXX_FEATURE:0cxx_nullptr
    Feature record: CXX_FEATURE:0cxx_override
    Feature record: CXX_FEATURE:0cxx_range_for
    Feature record: CXX_FEATURE:0cxx_raw_string_literals
    Feature record: CXX_FEATURE:0cxx_reference_qualified_functions
    Feature record: CXX_FEATURE:0cxx_relaxed_constexpr
    Feature record: CXX_FEATURE:0cxx_return_type_deduction
    Feature record: CXX_FEATURE:0cxx_right_angle_brackets
    Feature record: CXX_FEATURE:0cxx_rvalue_references
    Feature record: CXX_FEATURE:0cxx_sizeof_member
    Feature record: CXX_FEATURE:0cxx_static_assert
    Feature record: CXX_FEATURE:0cxx_strong_enums
    Feature record: CXX_FEATURE:1cxx_template_template_parameters
    Feature record: CXX_FEATURE:0cxx_thread_local
    Feature record: CXX_FEATURE:0cxx_trailing_return_types
    Feature record: CXX_FEATURE:0cxx_unicode_literals
    Feature record: CXX_FEATURE:0cxx_uniform_initialization
    Feature record: CXX_FEATURE:0cxx_unrestricted_unions
    Feature record: CXX_FEATURE:0cxx_user_literals
    Feature record: CXX_FEATURE:0cxx_variable_templates
    Feature record: CXX_FEATURE:0cxx_variadic_macros
    Feature record: CXX_FEATURE:0cxx_variadic_templates
Determining if the include file pthread.h exists passed with the following output:
Change Dir: /home/marksa/dev/git/fork/gnucash/build-gnucash-3.4-stable/CMakeFiles/CMakeTmp

Run Build Command:"/usr/bin/make" "cmTC_e2fed/fast"
/usr/bin/make -f CMakeFiles/cmTC_e2fed.dir/build.make CMakeFiles/cmTC_e2fed.dir/build
make[1]: Entering directory '/home/marksa/dev/git/fork/gnucash/build-gnucash-3.4-stable/CMakeFiles/CMakeTmp'
Building C object CMakeFiles/cmTC_e2fed.dir/CheckIncludeFile.c.o
/usr/bin/cc   -Wno-error=deprecated-declarations -std=gnu11 -Wno-error=parentheses -Werror -Wdeclaration-after-statement -Wno-pointer-sign -Wall -Wmissing-prototypes -Wmissing-declarations -Wno-unused     -o CMakeFiles/cmTC_e2fed.dir/CheckIncludeFile.c.o   -c /home/marksa/dev/git/fork/gnucash/build-gnucash-3.4-stable/CMakeFiles/CMakeTmp/CheckIncludeFile.c
Linking C executable cmTC_e2fed
/usr/bin/cmake -E cmake_link_script CMakeFiles/cmTC_e2fed.dir/link.txt --verbose=1
/usr/bin/cc -Wno-error=deprecated-declarations -std=gnu11 -Wno-error=parentheses -Werror -Wdeclaration-after-statement -Wno-pointer-sign -Wall -Wmissing-prototypes -Wmissing-declarations -Wno-unused      -rdynamic CMakeFiles/cmTC_e2fed.dir/CheckIncludeFile.c.o  -o cmTC_e2fed 
make[1]: Leaving directory '/home/marksa/dev/git/fork/gnucash/build-gnucash-3.4-stable/CMakeFiles/CMakeTmp'


Determining if the function pthread_create exists in the pthread passed with the following output:
Change Dir: /home/marksa/dev/git/fork/gnucash/build-gnucash-3.4-stable/CMakeFiles/CMakeTmp

Run Build Command:"/usr/bin/make" "cmTC_cb639/fast"
/usr/bin/make -f CMakeFiles/cmTC_cb639.dir/build.make CMakeFiles/cmTC_cb639.dir/build
make[1]: Entering directory '/home/marksa/dev/git/fork/gnucash/build-gnucash-3.4-stable/CMakeFiles/CMakeTmp'
Building C object CMakeFiles/cmTC_cb639.dir/CheckFunctionExists.c.o
/usr/bin/cc   -Wno-error=deprecated-declarations -std=gnu11 -Wno-error=parentheses -Werror -Wdeclaration-after-statement -Wno-pointer-sign -Wall -Wmissing-prototypes -Wmissing-declarations -Wno-unused  -DCHECK_FUNCTION_EXISTS=pthread_create   -o CMakeFiles/cmTC_cb639.dir/CheckFunctionExists.c.o   -c /usr/share/cmake-3.10/Modules/CheckFunctionExists.c
Linking C executable cmTC_cb639
/usr/bin/cmake -E cmake_link_script CMakeFiles/cmTC_cb639.dir/link.txt --verbose=1
/usr/bin/cc -Wno-error=deprecated-declarations -std=gnu11 -Wno-error=parentheses -Werror -Wdeclaration-after-statement -Wno-pointer-sign -Wall -Wmissing-prototypes -Wmissing-declarations -Wno-unused  -DCHECK_FUNCTION_EXISTS=pthread_create    -rdynamic CMakeFiles/cmTC_cb639.dir/CheckFunctionExists.c.o  -o cmTC_cb639 -lpthread 
make[1]: Leaving directory '/home/marksa/dev/git/fork/gnucash/build-gnucash-3.4-stable/CMakeFiles/CMakeTmp'


Determining if files dirent.h exist passed with the following output:
Change Dir: /home/marksa/dev/git/fork/gnucash/build-gnucash-3.4-stable/CMakeFiles/CMakeTmp

Run Build Command:"/usr/bin/make" "cmTC_a8e83/fast"
/usr/bin/make -f CMakeFiles/cmTC_a8e83.dir/build.make CMakeFiles/cmTC_a8e83.dir/build
make[1]: Entering directory '/home/marksa/dev/git/fork/gnucash/build-gnucash-3.4-stable/CMakeFiles/CMakeTmp'
Building C object CMakeFiles/cmTC_a8e83.dir/CheckIncludeFiles.c.o
/usr/bin/cc   -Wno-error=deprecated-declarations -std=gnu11 -Wno-error=parentheses -Werror -Wdeclaration-after-statement -Wno-pointer-sign -Wall -Wmissing-prototypes -Wmissing-declarations -Wno-unused     -o CMakeFiles/cmTC_a8e83.dir/CheckIncludeFiles.c.o   -c /home/marksa/dev/git/fork/gnucash/build-gnucash-3.4-stable/CMakeFiles/CMakeTmp/CheckIncludeFiles.c
Linking C executable cmTC_a8e83
/usr/bin/cmake -E cmake_link_script CMakeFiles/cmTC_a8e83.dir/link.txt --verbose=1
/usr/bin/cc -Wno-error=deprecated-declarations -std=gnu11 -Wno-error=parentheses -Werror -Wdeclaration-after-statement -Wno-pointer-sign -Wall -Wmissing-prototypes -Wmissing-declarations -Wno-unused      -rdynamic CMakeFiles/cmTC_a8e83.dir/CheckIncludeFiles.c.o  -o cmTC_a8e83 
make[1]: Leaving directory '/home/marksa/dev/git/fork/gnucash/build-gnucash-3.4-stable/CMakeFiles/CMakeTmp'


Determining if files dlfcn.h exist passed with the following output:
Change Dir: /home/marksa/dev/git/fork/gnucash/build-gnucash-3.4-stable/CMakeFiles/CMakeTmp

Run Build Command:"/usr/bin/make" "cmTC_502f9/fast"
/usr/bin/make -f CMakeFiles/cmTC_502f9.dir/build.make CMakeFiles/cmTC_502f9.dir/build
make[1]: Entering directory '/home/marksa/dev/git/fork/gnucash/build-gnucash-3.4-stable/CMakeFiles/CMakeTmp'
Building C object CMakeFiles/cmTC_502f9.dir/CheckIncludeFiles.c.o
/usr/bin/cc   -Wno-error=deprecated-declarations -std=gnu11 -Wno-error=parentheses -Werror -Wdeclaration-after-statement -Wno-pointer-sign -Wall -Wmissing-prototypes -Wmissing-declarations -Wno-unused     -o CMakeFiles/cmTC_502f9.dir/CheckIncludeFiles.c.o   -c /home/marksa/dev/git/fork/gnucash/build-gnucash-3.4-stable/CMakeFiles/CMakeTmp/CheckIncludeFiles.c
Linking C executable cmTC_502f9
/usr/bin/cmake -E cmake_link_script CMakeFiles/cmTC_502f9.dir/link.txt --verbose=1
/usr/bin/cc -Wno-error=deprecated-declarations -std=gnu11 -Wno-error=parentheses -Werror -Wdeclaration-after-statement -Wno-pointer-sign -Wall -Wmissing-prototypes -Wmissing-declarations -Wno-unused      -rdynamic CMakeFiles/cmTC_502f9.dir/CheckIncludeFiles.c.o  -o cmTC_502f9 
make[1]: Leaving directory '/home/marksa/dev/git/fork/gnucash/build-gnucash-3.4-stable/CMakeFiles/CMakeTmp'


Determining if files glob.h exist passed with the following output:
Change Dir: /home/marksa/dev/git/fork/gnucash/build-gnucash-3.4-stable/CMakeFiles/CMakeTmp

Run Build Command:"/usr/bin/make" "cmTC_bd036/fast"
/usr/bin/make -f CMakeFiles/cmTC_bd036.dir/build.make CMakeFiles/cmTC_bd036.dir/build
make[1]: Entering directory '/home/marksa/dev/git/fork/gnucash/build-gnucash-3.4-stable/CMakeFiles/CMakeTmp'
Building C object CMakeFiles/cmTC_bd036.dir/CheckIncludeFiles.c.o
/usr/bin/cc   -Wno-error=deprecated-declarations -std=gnu11 -Wno-error=parentheses -Werror -Wdeclaration-after-statement -Wno-pointer-sign -Wall -Wmissing-prototypes -Wmissing-declarations -Wno-unused     -o CMakeFiles/cmTC_bd036.dir/CheckIncludeFiles.c.o   -c /home/marksa/dev/git/fork/gnucash/build-gnucash-3.4-stable/CMakeFiles/CMakeTmp/CheckIncludeFiles.c
Linking C executable cmTC_bd036
/usr/bin/cmake -E cmake_link_script CMakeFiles/cmTC_bd036.dir/link.txt --verbose=1
/usr/bin/cc -Wno-error=deprecated-declarations -std=gnu11 -Wno-error=parentheses -Werror -Wdeclaration-after-statement -Wno-pointer-sign -Wall -Wmissing-prototypes -Wmissing-declarations -Wno-unused      -rdynamic CMakeFiles/cmTC_bd036.dir/CheckIncludeFiles.c.o  -o cmTC_bd036 
make[1]: Leaving directory '/home/marksa/dev/git/fork/gnucash/build-gnucash-3.4-stable/CMakeFiles/CMakeTmp'


Determining if files inttypes.h exist passed with the following output:
Change Dir: /home/marksa/dev/git/fork/gnucash/build-gnucash-3.4-stable/CMakeFiles/CMakeTmp

Run Build Command:"/usr/bin/make" "cmTC_162cd/fast"
/usr/bin/make -f CMakeFiles/cmTC_162cd.dir/build.make CMakeFiles/cmTC_162cd.dir/build
make[1]: Entering directory '/home/marksa/dev/git/fork/gnucash/build-gnucash-3.4-stable/CMakeFiles/CMakeTmp'
Building C object CMakeFiles/cmTC_162cd.dir/CheckIncludeFiles.c.o
/usr/bin/cc   -Wno-error=deprecated-declarations -std=gnu11 -Wno-error=parentheses -Werror -Wdeclaration-after-statement -Wno-pointer-sign -Wall -Wmissing-prototypes -Wmissing-declarations -Wno-unused     -o CMakeFiles/cmTC_162cd.dir/CheckIncludeFiles.c.o   -c /home/marksa/dev/git/fork/gnucash/build-gnucash-3.4-stable/CMakeFiles/CMakeTmp/CheckIncludeFiles.c
Linking C executable cmTC_162cd
/usr/bin/cmake -E cmake_link_script CMakeFiles/cmTC_162cd.dir/link.txt --verbose=1
/usr/bin/cc -Wno-error=deprecated-declarations -std=gnu11 -Wno-error=parentheses -Werror -Wdeclaration-after-statement -Wno-pointer-sign -Wall -Wmissing-prototypes -Wmissing-declarations -Wno-unused      -rdynamic CMakeFiles/cmTC_162cd.dir/CheckIncludeFiles.c.o  -o cmTC_162cd 
make[1]: Leaving directory '/home/marksa/dev/git/fork/gnucash/build-gnucash-3.4-stable/CMakeFiles/CMakeTmp'


Determining if files limits.h exist passed with the following output:
Change Dir: /home/marksa/dev/git/fork/gnucash/build-gnucash-3.4-stable/CMakeFiles/CMakeTmp

Run Build Command:"/usr/bin/make" "cmTC_7cd0f/fast"
/usr/bin/make -f CMakeFiles/cmTC_7cd0f.dir/build.make CMakeFiles/cmTC_7cd0f.dir/build
make[1]: Entering directory '/home/marksa/dev/git/fork/gnucash/build-gnucash-3.4-stable/CMakeFiles/CMakeTmp'
Building C object CMakeFiles/cmTC_7cd0f.dir/CheckIncludeFiles.c.o
/usr/bin/cc   -Wno-error=deprecated-declarations -std=gnu11 -Wno-error=parentheses -Werror -Wdeclaration-after-statement -Wno-pointer-sign -Wall -Wmissing-prototypes -Wmissing-declarations -Wno-unused     -o CMakeFiles/cmTC_7cd0f.dir/CheckIncludeFiles.c.o   -c /home/marksa/dev/git/fork/gnucash/build-gnucash-3.4-stable/CMakeFiles/CMakeTmp/CheckIncludeFiles.c
Linking C executable cmTC_7cd0f
/usr/bin/cmake -E cmake_link_script CMakeFiles/cmTC_7cd0f.dir/link.txt --verbose=1
/usr/bin/cc -Wno-error=deprecated-declarations -std=gnu11 -Wno-error=parentheses -Werror -Wdeclaration-after-statement -Wno-pointer-sign -Wall -Wmissing-prototypes -Wmissing-declarations -Wno-unused      -rdynamic CMakeFiles/cmTC_7cd0f.dir/CheckIncludeFiles.c.o  -o cmTC_7cd0f 
make[1]: Leaving directory '/home/marksa/dev/git/fork/gnucash/build-gnucash-3.4-stable/CMakeFiles/CMakeTmp'


Determining if files locale.h exist passed with the following output:
Change Dir: /home/marksa/dev/git/fork/gnucash/build-gnucash-3.4-stable/CMakeFiles/CMakeTmp

Run Build Command:"/usr/bin/make" "cmTC_bb6aa/fast"
/usr/bin/make -f CMakeFiles/cmTC_bb6aa.dir/build.make CMakeFiles/cmTC_bb6aa.dir/build
make[1]: Entering directory '/home/marksa/dev/git/fork/gnucash/build-gnucash-3.4-stable/CMakeFiles/CMakeTmp'
Building C object CMakeFiles/cmTC_bb6aa.dir/CheckIncludeFiles.c.o
/usr/bin/cc   -Wno-error=deprecated-declarations -std=gnu11 -Wno-error=parentheses -Werror -Wdeclaration-after-statement -Wno-pointer-sign -Wall -Wmissing-prototypes -Wmissing-declarations -Wno-unused     -o CMakeFiles/cmTC_bb6aa.dir/CheckIncludeFiles.c.o   -c /home/marksa/dev/git/fork/gnucash/build-gnucash-3.4-stable/CMakeFiles/CMakeTmp/CheckIncludeFiles.c
Linking C executable cmTC_bb6aa
/usr/bin/cmake -E cmake_link_script CMakeFiles/cmTC_bb6aa.dir/link.txt --verbose=1
/usr/bin/cc -Wno-error=deprecated-declarations -std=gnu11 -Wno-error=parentheses -Werror -Wdeclaration-after-statement -Wno-pointer-sign -Wall -Wmissing-prototypes -Wmissing-declarations -Wno-unused      -rdynamic CMakeFiles/cmTC_bb6aa.dir/CheckIncludeFiles.c.o  -o cmTC_bb6aa 
make[1]: Leaving directory '/home/marksa/dev/git/fork/gnucash/build-gnucash-3.4-stable/CMakeFiles/CMakeTmp'


Determining if files memory.h exist passed with the following output:
Change Dir: /home/marksa/dev/git/fork/gnucash/build-gnucash-3.4-stable/CMakeFiles/CMakeTmp

Run Build Command:"/usr/bin/make" "cmTC_c0226/fast"
/usr/bin/make -f CMakeFiles/cmTC_c0226.dir/build.make CMakeFiles/cmTC_c0226.dir/build
make[1]: Entering directory '/home/marksa/dev/git/fork/gnucash/build-gnucash-3.4-stable/CMakeFiles/CMakeTmp'
Building C object CMakeFiles/cmTC_c0226.dir/CheckIncludeFiles.c.o
/usr/bin/cc   -Wno-error=deprecated-declarations -std=gnu11 -Wno-error=parentheses -Werror -Wdeclaration-after-statement -Wno-pointer-sign -Wall -Wmissing-prototypes -Wmissing-declarations -Wno-unused     -o CMakeFiles/cmTC_c0226.dir/CheckIncludeFiles.c.o   -c /home/marksa/dev/git/fork/gnucash/build-gnucash-3.4-stable/CMakeFiles/CMakeTmp/CheckIncludeFiles.c
Linking C executable cmTC_c0226
/usr/bin/cmake -E cmake_link_script CMakeFiles/cmTC_c0226.dir/link.txt --verbose=1
/usr/bin/cc -Wno-error=deprecated-declarations -std=gnu11 -Wno-error=parentheses -Werror -Wdeclaration-after-statement -Wno-pointer-sign -Wall -Wmissing-prototypes -Wmissing-declarations -Wno-unused      -rdynamic CMakeFiles/cmTC_c0226.dir/CheckIncludeFiles.c.o  -o cmTC_c0226 
make[1]: Leaving directory '/home/marksa/dev/git/fork/gnucash/build-gnucash-3.4-stable/CMakeFiles/CMakeTmp'


Determining if files stdint.h exist passed with the following output:
Change Dir: /home/marksa/dev/git/fork/gnucash/build-gnucash-3.4-stable/CMakeFiles/CMakeTmp

Run Build Command:"/usr/bin/make" "cmTC_ef8f6/fast"
/usr/bin/make -f CMakeFiles/cmTC_ef8f6.dir/build.make CMakeFiles/cmTC_ef8f6.dir/build
make[1]: Entering directory '/home/marksa/dev/git/fork/gnucash/build-gnucash-3.4-stable/CMakeFiles/CMakeTmp'
Building C object CMakeFiles/cmTC_ef8f6.dir/CheckIncludeFiles.c.o
/usr/bin/cc   -Wno-error=deprecated-declarations -std=gnu11 -Wno-error=parentheses -Werror -Wdeclaration-after-statement -Wno-pointer-sign -Wall -Wmissing-prototypes -Wmissing-declarations -Wno-unused     -o CMakeFiles/cmTC_ef8f6.dir/CheckIncludeFiles.c.o   -c /home/marksa/dev/git/fork/gnucash/build-gnucash-3.4-stable/CMakeFiles/CMakeTmp/CheckIncludeFiles.c
Linking C executable cmTC_ef8f6
/usr/bin/cmake -E cmake_link_script CMakeFiles/cmTC_ef8f6.dir/link.txt --verbose=1
/usr/bin/cc -Wno-error=deprecated-declarations -std=gnu11 -Wno-error=parentheses -Werror -Wdeclaration-after-statement -Wno-pointer-sign -Wall -Wmissing-prototypes -Wmissing-declarations -Wno-unused      -rdynamic CMakeFiles/cmTC_ef8f6.dir/CheckIncludeFiles.c.o  -o cmTC_ef8f6 
make[1]: Leaving directory '/home/marksa/dev/git/fork/gnucash/build-gnucash-3.4-stable/CMakeFiles/CMakeTmp'


Determining if files stdlib.h exist passed with the following output:
Change Dir: /home/marksa/dev/git/fork/gnucash/build-gnucash-3.4-stable/CMakeFiles/CMakeTmp

Run Build Command:"/usr/bin/make" "cmTC_b0e21/fast"
/usr/bin/make -f CMakeFiles/cmTC_b0e21.dir/build.make CMakeFiles/cmTC_b0e21.dir/build
make[1]: Entering directory '/home/marksa/dev/git/fork/gnucash/build-gnucash-3.4-stable/CMakeFiles/CMakeTmp'
Building C object CMakeFiles/cmTC_b0e21.dir/CheckIncludeFiles.c.o
/usr/bin/cc   -Wno-error=deprecated-declarations -std=gnu11 -Wno-error=parentheses -Werror -Wdeclaration-after-statement -Wno-pointer-sign -Wall -Wmissing-prototypes -Wmissing-declarations -Wno-unused     -o CMakeFiles/cmTC_b0e21.dir/CheckIncludeFiles.c.o   -c /home/marksa/dev/git/fork/gnucash/build-gnucash-3.4-stable/CMakeFiles/CMakeTmp/CheckIncludeFiles.c
Linking C executable cmTC_b0e21
/usr/bin/cmake -E cmake_link_script CMakeFiles/cmTC_b0e21.dir/link.txt --verbose=1
/usr/bin/cc -Wno-error=deprecated-declarations -std=gnu11 -Wno-error=parentheses -Werror -Wdeclaration-after-statement -Wno-pointer-sign -Wall -Wmissing-prototypes -Wmissing-declarations -Wno-unused      -rdynamic CMakeFiles/cmTC_b0e21.dir/CheckIncludeFiles.c.o  -o cmTC_b0e21 
make[1]: Leaving directory '/home/marksa/dev/git/fork/gnucash/build-gnucash-3.4-stable/CMakeFiles/CMakeTmp'


Determining if files string.h exist passed with the following output:
Change Dir: /home/marksa/dev/git/fork/gnucash/build-gnucash-3.4-stable/CMakeFiles/CMakeTmp

Run Build Command:"/usr/bin/make" "cmTC_8e4c9/fast"
/usr/bin/make -f CMakeFiles/cmTC_8e4c9.dir/build.make CMakeFiles/cmTC_8e4c9.dir/build
make[1]: Entering directory '/home/marksa/dev/git/fork/gnucash/build-gnucash-3.4-stable/CMakeFiles/CMakeTmp'
Building C object CMakeFiles/cmTC_8e4c9.dir/CheckIncludeFiles.c.o
/usr/bin/cc   -Wno-error=deprecated-declarations -std=gnu11 -Wno-error=parentheses -Werror -Wdeclaration-after-statement -Wno-pointer-sign -Wall -Wmissing-prototypes -Wmissing-declarations -Wno-unused     -o CMakeFiles/cmTC_8e4c9.dir/CheckIncludeFiles.c.o   -c /home/marksa/dev/git/fork/gnucash/build-gnucash-3.4-stable/CMakeFiles/CMakeTmp/CheckIncludeFiles.c
Linking C executable cmTC_8e4c9
/usr/bin/cmake -E cmake_link_script CMakeFiles/cmTC_8e4c9.dir/link.txt --verbose=1
/usr/bin/cc -Wno-error=deprecated-declarations -std=gnu11 -Wno-error=parentheses -Werror -Wdeclaration-after-statement -Wno-pointer-sign -Wall -Wmissing-prototypes -Wmissing-declarations -Wno-unused      -rdynamic CMakeFiles/cmTC_8e4c9.dir/CheckIncludeFiles.c.o  -o cmTC_8e4c9 
make[1]: Leaving directory '/home/marksa/dev/git/fork/gnucash/build-gnucash-3.4-stable/CMakeFiles/CMakeTmp'


Determining if files strings.h exist passed with the following output:
Change Dir: /home/marksa/dev/git/fork/gnucash/build-gnucash-3.4-stable/CMakeFiles/CMakeTmp

Run Build Command:"/usr/bin/make" "cmTC_8b425/fast"
/usr/bin/make -f CMakeFiles/cmTC_8b425.dir/build.make CMakeFiles/cmTC_8b425.dir/build
make[1]: Entering directory '/home/marksa/dev/git/fork/gnucash/build-gnucash-3.4-stable/CMakeFiles/CMakeTmp'
Building C object CMakeFiles/cmTC_8b425.dir/CheckIncludeFiles.c.o
/usr/bin/cc   -Wno-error=deprecated-declarations -std=gnu11 -Wno-error=parentheses -Werror -Wdeclaration-after-statement -Wno-pointer-sign -Wall -Wmissing-prototypes -Wmissing-declarations -Wno-unused     -o CMakeFiles/cmTC_8b425.dir/CheckIncludeFiles.c.o   -c /home/marksa/dev/git/fork/gnucash/build-gnucash-3.4-stable/CMakeFiles/CMakeTmp/CheckIncludeFiles.c
Linking C executable cmTC_8b425
/usr/bin/cmake -E cmake_link_script CMakeFiles/cmTC_8b425.dir/link.txt --verbose=1
/usr/bin/cc -Wno-error=deprecated-declarations -std=gnu11 -Wno-error=parentheses -Werror -Wdeclaration-after-statement -Wno-pointer-sign -Wall -Wmissing-prototypes -Wmissing-declarations -Wno-unused      -rdynamic CMakeFiles/cmTC_8b425.dir/CheckIncludeFiles.c.o  -o cmTC_8b425 
make[1]: Leaving directory '/home/marksa/dev/git/fork/gnucash/build-gnucash-3.4-stable/CMakeFiles/CMakeTmp'


Determining if files sys/stat.h exist passed with the following output:
Change Dir: /home/marksa/dev/git/fork/gnucash/build-gnucash-3.4-stable/CMakeFiles/CMakeTmp

Run Build Command:"/usr/bin/make" "cmTC_9a9b4/fast"
/usr/bin/make -f CMakeFiles/cmTC_9a9b4.dir/build.make CMakeFiles/cmTC_9a9b4.dir/build
make[1]: Entering directory '/home/marksa/dev/git/fork/gnucash/build-gnucash-3.4-stable/CMakeFiles/CMakeTmp'
Building C object CMakeFiles/cmTC_9a9b4.dir/CheckIncludeFiles.c.o
/usr/bin/cc   -Wno-error=deprecated-declarations -std=gnu11 -Wno-error=parentheses -Werror -Wdeclaration-after-statement -Wno-pointer-sign -Wall -Wmissing-prototypes -Wmissing-declarations -Wno-unused     -o CMakeFiles/cmTC_9a9b4.dir/CheckIncludeFiles.c.o   -c /home/marksa/dev/git/fork/gnucash/build-gnucash-3.4-stable/CMakeFiles/CMakeTmp/CheckIncludeFiles.c
Linking C executable cmTC_9a9b4
/usr/bin/cmake -E cmake_link_script CMakeFiles/cmTC_9a9b4.dir/link.txt --verbose=1
/usr/bin/cc -Wno-error=deprecated-declarations -std=gnu11 -Wno-error=parentheses -Werror -Wdeclaration-after-statement -Wno-pointer-sign -Wall -Wmissing-prototypes -Wmissing-declarations -Wno-unused      -rdynamic CMakeFiles/cmTC_9a9b4.dir/CheckIncludeFiles.c.o  -o cmTC_9a9b4 
make[1]: Leaving directory '/home/marksa/dev/git/fork/gnucash/build-gnucash-3.4-stable/CMakeFiles/CMakeTmp'


Determining if files sys/time.h exist passed with the following output:
Change Dir: /home/marksa/dev/git/fork/gnucash/build-gnucash-3.4-stable/CMakeFiles/CMakeTmp

Run Build Command:"/usr/bin/make" "cmTC_b7b77/fast"
/usr/bin/make -f CMakeFiles/cmTC_b7b77.dir/build.make CMakeFiles/cmTC_b7b77.dir/build
make[1]: Entering directory '/home/marksa/dev/git/fork/gnucash/build-gnucash-3.4-stable/CMakeFiles/CMakeTmp'
Building C object CMakeFiles/cmTC_b7b77.dir/CheckIncludeFiles.c.o
/usr/bin/cc   -Wno-error=deprecated-declarations -std=gnu11 -Wno-error=parentheses -Werror -Wdeclaration-after-statement -Wno-pointer-sign -Wall -Wmissing-prototypes -Wmissing-declarations -Wno-unused     -o CMakeFiles/cmTC_b7b77.dir/CheckIncludeFiles.c.o   -c /home/marksa/dev/git/fork/gnucash/build-gnucash-3.4-stable/CMakeFiles/CMakeTmp/CheckIncludeFiles.c
Linking C executable cmTC_b7b77
/usr/bin/cmake -E cmake_link_script CMakeFiles/cmTC_b7b77.dir/link.txt --verbose=1
/usr/bin/cc -Wno-error=deprecated-declarations -std=gnu11 -Wno-error=parentheses -Werror -Wdeclaration-after-statement -Wno-pointer-sign -Wall -Wmissing-prototypes -Wmissing-declarations -Wno-unused      -rdynamic CMakeFiles/cmTC_b7b77.dir/CheckIncludeFiles.c.o  -o cmTC_b7b77 
make[1]: Leaving directory '/home/marksa/dev/git/fork/gnucash/build-gnucash-3.4-stable/CMakeFiles/CMakeTmp'


Determining if files sys/times.h exist passed with the following output:
Change Dir: /home/marksa/dev/git/fork/gnucash/build-gnucash-3.4-stable/CMakeFiles/CMakeTmp

Run Build Command:"/usr/bin/make" "cmTC_5b8d9/fast"
/usr/bin/make -f CMakeFiles/cmTC_5b8d9.dir/build.make CMakeFiles/cmTC_5b8d9.dir/build
make[1]: Entering directory '/home/marksa/dev/git/fork/gnucash/build-gnucash-3.4-stable/CMakeFiles/CMakeTmp'
Building C object CMakeFiles/cmTC_5b8d9.dir/CheckIncludeFiles.c.o
/usr/bin/cc   -Wno-error=deprecated-declarations -std=gnu11 -Wno-error=parentheses -Werror -Wdeclaration-after-statement -Wno-pointer-sign -Wall -Wmissing-prototypes -Wmissing-declarations -Wno-unused     -o CMakeFiles/cmTC_5b8d9.dir/CheckIncludeFiles.c.o   -c /home/marksa/dev/git/fork/gnucash/build-gnucash-3.4-stable/CMakeFiles/CMakeTmp/CheckIncludeFiles.c
Linking C executable cmTC_5b8d9
/usr/bin/cmake -E cmake_link_script CMakeFiles/cmTC_5b8d9.dir/link.txt --verbose=1
/usr/bin/cc -Wno-error=deprecated-declarations -std=gnu11 -Wno-error=parentheses -Werror -Wdeclaration-after-statement -Wno-pointer-sign -Wall -Wmissing-prototypes -Wmissing-declarations -Wno-unused      -rdynamic CMakeFiles/cmTC_5b8d9.dir/CheckIncludeFiles.c.o  -o cmTC_5b8d9 
make[1]: Leaving directory '/home/marksa/dev/git/fork/gnucash/build-gnucash-3.4-stable/CMakeFiles/CMakeTmp'


Determining if files sys/types.h exist passed with the following output:
Change Dir: /home/marksa/dev/git/fork/gnucash/build-gnucash-3.4-stable/CMakeFiles/CMakeTmp

Run Build Command:"/usr/bin/make" "cmTC_87b29/fast"
/usr/bin/make -f CMakeFiles/cmTC_87b29.dir/build.make CMakeFiles/cmTC_87b29.dir/build
make[1]: Entering directory '/home/marksa/dev/git/fork/gnucash/build-gnucash-3.4-stable/CMakeFiles/CMakeTmp'
Building C object CMakeFiles/cmTC_87b29.dir/CheckIncludeFiles.c.o
/usr/bin/cc   -Wno-error=deprecated-declarations -std=gnu11 -Wno-error=parentheses -Werror -Wdeclaration-after-statement -Wno-pointer-sign -Wall -Wmissing-prototypes -Wmissing-declarations -Wno-unused     -o CMakeFiles/cmTC_87b29.dir/CheckIncludeFiles.c.o   -c /home/marksa/dev/git/fork/gnucash/build-gnucash-3.4-stable/CMakeFiles/CMakeTmp/CheckIncludeFiles.c
Linking C executable cmTC_87b29
/usr/bin/cmake -E cmake_link_script CMakeFiles/cmTC_87b29.dir/link.txt --verbose=1
/usr/bin/cc -Wno-error=deprecated-declarations -std=gnu11 -Wno-error=parentheses -Werror -Wdeclaration-after-statement -Wno-pointer-sign -Wall -Wmissing-prototypes -Wmissing-declarations -Wno-unused      -rdynamic CMakeFiles/cmTC_87b29.dir/CheckIncludeFiles.c.o  -o cmTC_87b29 
make[1]: Leaving directory '/home/marksa/dev/git/fork/gnucash/build-gnucash-3.4-stable/CMakeFiles/CMakeTmp'


Determining if files sys/wait.h exist passed with the following output:
Change Dir: /home/marksa/dev/git/fork/gnucash/build-gnucash-3.4-stable/CMakeFiles/CMakeTmp

Run Build Command:"/usr/bin/make" "cmTC_87453/fast"
/usr/bin/make -f CMakeFiles/cmTC_87453.dir/build.make CMakeFiles/cmTC_87453.dir/build
make[1]: Entering directory '/home/marksa/dev/git/fork/gnucash/build-gnucash-3.4-stable/CMakeFiles/CMakeTmp'
Building C object CMakeFiles/cmTC_87453.dir/CheckIncludeFiles.c.o
/usr/bin/cc   -Wno-error=deprecated-declarations -std=gnu11 -Wno-error=parentheses -Werror -Wdeclaration-after-statement -Wno-pointer-sign -Wall -Wmissing-prototypes -Wmissing-declarations -Wno-unused     -o CMakeFiles/cmTC_87453.dir/CheckIncludeFiles.c.o   -c /home/marksa/dev/git/fork/gnucash/build-gnucash-3.4-stable/CMakeFiles/CMakeTmp/CheckIncludeFiles.c
Linking C executable cmTC_87453
/usr/bin/cmake -E cmake_link_script CMakeFiles/cmTC_87453.dir/link.txt --verbose=1
/usr/bin/cc -Wno-error=deprecated-declarations -std=gnu11 -Wno-error=parentheses -Werror -Wdeclaration-after-statement -Wno-pointer-sign -Wall -Wmissing-prototypes -Wmissing-declarations -Wno-unused      -rdynamic CMakeFiles/cmTC_87453.dir/CheckIncludeFiles.c.o  -o cmTC_87453 
make[1]: Leaving directory '/home/marksa/dev/git/fork/gnucash/build-gnucash-3.4-stable/CMakeFiles/CMakeTmp'


Determining if files unistd.h exist passed with the following output:
Change Dir: /home/marksa/dev/git/fork/gnucash/build-gnucash-3.4-stable/CMakeFiles/CMakeTmp

Run Build Command:"/usr/bin/make" "cmTC_3b4bd/fast"
/usr/bin/make -f CMakeFiles/cmTC_3b4bd.dir/build.make CMakeFiles/cmTC_3b4bd.dir/build
make[1]: Entering directory '/home/marksa/dev/git/fork/gnucash/build-gnucash-3.4-stable/CMakeFiles/CMakeTmp'
Building C object CMakeFiles/cmTC_3b4bd.dir/CheckIncludeFiles.c.o
/usr/bin/cc   -Wno-error=deprecated-declarations -std=gnu11 -Wno-error=parentheses -Werror -Wdeclaration-after-statement -Wno-pointer-sign -Wall -Wmissing-prototypes -Wmissing-declarations -Wno-unused     -o CMakeFiles/cmTC_3b4bd.dir/CheckIncludeFiles.c.o   -c /home/marksa/dev/git/fork/gnucash/build-gnucash-3.4-stable/CMakeFiles/CMakeTmp/CheckIncludeFiles.c
Linking C executable cmTC_3b4bd
/usr/bin/cmake -E cmake_link_script CMakeFiles/cmTC_3b4bd.dir/link.txt --verbose=1
/usr/bin/cc -Wno-error=deprecated-declarations -std=gnu11 -Wno-error=parentheses -Werror -Wdeclaration-after-statement -Wno-pointer-sign -Wall -Wmissing-prototypes -Wmissing-declarations -Wno-unused      -rdynamic CMakeFiles/cmTC_3b4bd.dir/CheckIncludeFiles.c.o  -o cmTC_3b4bd 
make[1]: Leaving directory '/home/marksa/dev/git/fork/gnucash/build-gnucash-3.4-stable/CMakeFiles/CMakeTmp'


Determining if files utmp.h exist passed with the following output:
Change Dir: /home/marksa/dev/git/fork/gnucash/build-gnucash-3.4-stable/CMakeFiles/CMakeTmp

Run Build Command:"/usr/bin/make" "cmTC_1eea2/fast"
/usr/bin/make -f CMakeFiles/cmTC_1eea2.dir/build.make CMakeFiles/cmTC_1eea2.dir/build
make[1]: Entering directory '/home/marksa/dev/git/fork/gnucash/build-gnucash-3.4-stable/CMakeFiles/CMakeTmp'
Building C object CMakeFiles/cmTC_1eea2.dir/CheckIncludeFiles.c.o
/usr/bin/cc   -Wno-error=deprecated-declarations -std=gnu11 -Wno-error=parentheses -Werror -Wdeclaration-after-statement -Wno-pointer-sign -Wall -Wmissing-prototypes -Wmissing-declarations -Wno-unused     -o CMakeFiles/cmTC_1eea2.dir/CheckIncludeFiles.c.o   -c /home/marksa/dev/git/fork/gnucash/build-gnucash-3.4-stable/CMakeFiles/CMakeTmp/CheckIncludeFiles.c
Linking C executable cmTC_1eea2
/usr/bin/cmake -E cmake_link_script CMakeFiles/cmTC_1eea2.dir/link.txt --verbose=1
/usr/bin/cc -Wno-error=deprecated-declarations -std=gnu11 -Wno-error=parentheses -Werror -Wdeclaration-after-statement -Wno-pointer-sign -Wall -Wmissing-prototypes -Wmissing-declarations -Wno-unused      -rdynamic CMakeFiles/cmTC_1eea2.dir/CheckIncludeFiles.c.o  -o cmTC_1eea2 
make[1]: Leaving directory '/home/marksa/dev/git/fork/gnucash/build-gnucash-3.4-stable/CMakeFiles/CMakeTmp'


Determining if files wctype.h exist passed with the following output:
Change Dir: /home/marksa/dev/git/fork/gnucash/build-gnucash-3.4-stable/CMakeFiles/CMakeTmp

Run Build Command:"/usr/bin/make" "cmTC_3e670/fast"
/usr/bin/make -f CMakeFiles/cmTC_3e670.dir/build.make CMakeFiles/cmTC_3e670.dir/build
make[1]: Entering directory '/home/marksa/dev/git/fork/gnucash/build-gnucash-3.4-stable/CMakeFiles/CMakeTmp'
Building C object CMakeFiles/cmTC_3e670.dir/CheckIncludeFiles.c.o
/usr/bin/cc   -Wno-error=deprecated-declarations -std=gnu11 -Wno-error=parentheses -Werror -Wdeclaration-after-statement -Wno-pointer-sign -Wall -Wmissing-prototypes -Wmissing-declarations -Wno-unused     -o CMakeFiles/cmTC_3e670.dir/CheckIncludeFiles.c.o   -c /home/marksa/dev/git/fork/gnucash/build-gnucash-3.4-stable/CMakeFiles/CMakeTmp/CheckIncludeFiles.c
Linking C executable cmTC_3e670
/usr/bin/cmake -E cmake_link_script CMakeFiles/cmTC_3e670.dir/link.txt --verbose=1
/usr/bin/cc -Wno-error=deprecated-declarations -std=gnu11 -Wno-error=parentheses -Werror -Wdeclaration-after-statement -Wno-pointer-sign -Wall -Wmissing-prototypes -Wmissing-declarations -Wno-unused      -rdynamic CMakeFiles/cmTC_3e670.dir/CheckIncludeFiles.c.o  -o cmTC_3e670 
make[1]: Leaving directory '/home/marksa/dev/git/fork/gnucash/build-gnucash-3.4-stable/CMakeFiles/CMakeTmp'


Determining if the include file stddef.h exists passed with the following output:
Change Dir: /home/marksa/dev/git/fork/gnucash/build-gnucash-3.4-stable/CMakeFiles/CMakeTmp

Run Build Command:"/usr/bin/make" "cmTC_1a2f4/fast"
/usr/bin/make -f CMakeFiles/cmTC_1a2f4.dir/build.make CMakeFiles/cmTC_1a2f4.dir/build
make[1]: Entering directory '/home/marksa/dev/git/fork/gnucash/build-gnucash-3.4-stable/CMakeFiles/CMakeTmp'
Building C object CMakeFiles/cmTC_1a2f4.dir/CheckIncludeFile.c.o
/usr/bin/cc   -Wno-error=deprecated-declarations -std=gnu11 -Wno-error=parentheses -Werror -Wdeclaration-after-statement -Wno-pointer-sign -Wall -Wmissing-prototypes -Wmissing-declarations -Wno-unused     -o CMakeFiles/cmTC_1a2f4.dir/CheckIncludeFile.c.o   -c /home/marksa/dev/git/fork/gnucash/build-gnucash-3.4-stable/CMakeFiles/CMakeTmp/CheckIncludeFile.c
Linking C executable cmTC_1a2f4
/usr/bin/cmake -E cmake_link_script CMakeFiles/cmTC_1a2f4.dir/link.txt --verbose=1
/usr/bin/cc -Wno-error=deprecated-declarations -std=gnu11 -Wno-error=parentheses -Werror -Wdeclaration-after-statement -Wno-pointer-sign -Wall -Wmissing-prototypes -Wmissing-declarations -Wno-unused      -rdynamic CMakeFiles/cmTC_1a2f4.dir/CheckIncludeFile.c.o  -o cmTC_1a2f4 
make[1]: Leaving directory '/home/marksa/dev/git/fork/gnucash/build-gnucash-3.4-stable/CMakeFiles/CMakeTmp'


Determining size of unsigned short passed with the following output:
Change Dir: /home/marksa/dev/git/fork/gnucash/build-gnucash-3.4-stable/CMakeFiles/CMakeTmp

Run Build Command:"/usr/bin/make" "cmTC_1cb4e/fast"
/usr/bin/make -f CMakeFiles/cmTC_1cb4e.dir/build.make CMakeFiles/cmTC_1cb4e.dir/build
make[1]: Entering directory '/home/marksa/dev/git/fork/gnucash/build-gnucash-3.4-stable/CMakeFiles/CMakeTmp'
Building C object CMakeFiles/cmTC_1cb4e.dir/CMAKE_SIZEOF_UNSIGNED_SHORT.c.o
/usr/bin/cc   -Wno-error=deprecated-declarations -std=gnu11 -Wno-error=parentheses -Werror -Wdeclaration-after-statement -Wno-pointer-sign -Wall -Wmissing-prototypes -Wmissing-declarations -Wno-unused     -o CMakeFiles/cmTC_1cb4e.dir/CMAKE_SIZEOF_UNSIGNED_SHORT.c.o   -c /home/marksa/dev/git/fork/gnucash/build-gnucash-3.4-stable/CMakeFiles/CheckTypeSize/CMAKE_SIZEOF_UNSIGNED_SHORT.c
Linking C executable cmTC_1cb4e
/usr/bin/cmake -E cmake_link_script CMakeFiles/cmTC_1cb4e.dir/link.txt --verbose=1
/usr/bin/cc -Wno-error=deprecated-declarations -std=gnu11 -Wno-error=parentheses -Werror -Wdeclaration-after-statement -Wno-pointer-sign -Wall -Wmissing-prototypes -Wmissing-declarations -Wno-unused      -rdynamic CMakeFiles/cmTC_1cb4e.dir/CMAKE_SIZEOF_UNSIGNED_SHORT.c.o  -o cmTC_1cb4e 
make[1]: Leaving directory '/home/marksa/dev/git/fork/gnucash/build-gnucash-3.4-stable/CMakeFiles/CMakeTmp'


Determining if the system is big endian passed with the following output:
Change Dir: /home/marksa/dev/git/fork/gnucash/build-gnucash-3.4-stable/CMakeFiles/CMakeTmp

Run Build Command:"/usr/bin/make" "cmTC_f7a6f/fast"
/usr/bin/make -f CMakeFiles/cmTC_f7a6f.dir/build.make CMakeFiles/cmTC_f7a6f.dir/build
make[1]: Entering directory '/home/marksa/dev/git/fork/gnucash/build-gnucash-3.4-stable/CMakeFiles/CMakeTmp'
Building C object CMakeFiles/cmTC_f7a6f.dir/TestEndianess.c.o
/usr/bin/cc   -Wno-error=deprecated-declarations -std=gnu11 -Wno-error=parentheses -Werror -Wdeclaration-after-statement -Wno-pointer-sign -Wall -Wmissing-prototypes -Wmissing-declarations -Wno-unused     -o CMakeFiles/cmTC_f7a6f.dir/TestEndianess.c.o   -c /home/marksa/dev/git/fork/gnucash/build-gnucash-3.4-stable/CMakeFiles/CMakeTmp/TestEndianess.c
Linking C executable cmTC_f7a6f
/usr/bin/cmake -E cmake_link_script CMakeFiles/cmTC_f7a6f.dir/link.txt --verbose=1
/usr/bin/cc -Wno-error=deprecated-declarations -std=gnu11 -Wno-error=parentheses -Werror -Wdeclaration-after-statement -Wno-pointer-sign -Wall -Wmissing-prototypes -Wmissing-declarations -Wno-unused      -rdynamic CMakeFiles/cmTC_f7a6f.dir/TestEndianess.c.o  -o cmTC_f7a6f 
make[1]: Leaving directory '/home/marksa/dev/git/fork/gnucash/build-gnucash-3.4-stable/CMakeFiles/CMakeTmp'

TestEndianess.c:
/* A 16 bit integer is required. */
typedef unsigned short cmakeint16;

/* On a little endian machine, these 16bit ints will give "THIS IS LITTLE ENDIAN."
   On a big endian machine the characters will be exchanged pairwise. */
const cmakeint16 info_little[] =  {0x4854, 0x5349, 0x4920, 0x2053, 0x494c, 0x5454, 0x454c, 0x4520, 0x444e, 0x4149, 0x2e4e, 0x0000};

/* on a big endian machine, these 16bit ints will give "THIS IS BIG ENDIAN."
   On a little endian machine the characters will be exchanged pairwise. */
const cmakeint16 info_big[] =     {0x5448, 0x4953, 0x2049, 0x5320, 0x4249, 0x4720, 0x454e, 0x4449, 0x414e, 0x2e2e, 0x0000};

#ifdef __CLASSIC_C__
int main(argc, argv) int argc; char *argv[];
#else
int main(int argc, char *argv[])
#endif
{
  int require = 0;
  require += info_little[argc];
  require += info_big[argc];
  (void)argv;
  return require;
}


Performing C SOURCE FILE Test have_mod_mask succeeded with the following output:
Change Dir: /home/marksa/dev/git/fork/gnucash/build-gnucash-3.4-stable/CMakeFiles/CMakeTmp

Run Build Command:"/usr/bin/make" "cmTC_4e3f3/fast"
/usr/bin/make -f CMakeFiles/cmTC_4e3f3.dir/build.make CMakeFiles/cmTC_4e3f3.dir/build
make[1]: Entering directory '/home/marksa/dev/git/fork/gnucash/build-gnucash-3.4-stable/CMakeFiles/CMakeTmp'
Building C object CMakeFiles/cmTC_4e3f3.dir/src.c.o
/usr/bin/cc  -I/usr/include/gtk-3.0 -I/usr/include/at-spi2-atk/2.0 -I/usr/include/at-spi-2.0 -I/usr/include/dbus-1.0 -I/usr/lib/x86_64-linux-gnu/dbus-1.0/include -I/usr/include/gio-unix-2.0 -I/usr/include/cairo -I/usr/include/pango-1.0 -I/usr/include/harfbuzz -I/usr/include/atk-1.0 -I/usr/include/pixman-1 -I/usr/include/freetype2 -I/usr/include/libpng16 -I/usr/include/gdk-pixbuf-2.0 -I/usr/include/glib-2.0 -I/usr/lib/x86_64-linux-gnu/glib-2.0/include  -Wno-error=deprecated-declarations -std=gnu11 -Wno-error=parentheses -Werror -Wdeclaration-after-statement -Wno-pointer-sign -Wall -Wmissing-prototypes -Wmissing-declarations -Wno-unused  -Dhave_mod_mask   -o CMakeFiles/cmTC_4e3f3.dir/src.c.o   -c /home/marksa/dev/git/fork/gnucash/build-gnucash-3.4-stable/CMakeFiles/CMakeTmp/src.c
Linking C executable cmTC_4e3f3
/usr/bin/cmake -E cmake_link_script CMakeFiles/cmTC_4e3f3.dir/link.txt --verbose=1
/usr/bin/cc -Wno-error=deprecated-declarations -std=gnu11 -Wno-error=parentheses -Werror -Wdeclaration-after-statement -Wno-pointer-sign -Wall -Wmissing-prototypes -Wmissing-declarations -Wno-unused  -Dhave_mod_mask    -rdynamic CMakeFiles/cmTC_4e3f3.dir/src.c.o  -o cmTC_4e3f3 
make[1]: Leaving directory '/home/marksa/dev/git/fork/gnucash/build-gnucash-3.4-stable/CMakeFiles/CMakeTmp'

Source file was:

#include <gdk/gdk.h>

int main (int argc, char** argv) {
  GdkModifierIntent foo = GDK_MODIFIER_INTENT_DEFAULT_MOD_MASK;
  return 0;
}

Performing C SOURCE FILE Test have_mod_mask succeeded with the following output:
Change Dir: /home/marksa/dev/git/fork/gnucash/build-gnucash-3.4-stable/CMakeFiles/CMakeTmp

Run Build Command:"/usr/bin/make" "cmTC_a1e70/fast"
/usr/bin/make -f CMakeFiles/cmTC_a1e70.dir/build.make CMakeFiles/cmTC_a1e70.dir/build
make[1]: Entering directory '/home/marksa/dev/git/fork/gnucash/build-gnucash-3.4-stable/CMakeFiles/CMakeTmp'
Building C object CMakeFiles/cmTC_a1e70.dir/src.c.o
/usr/bin/cc  -I/usr/include/gtk-3.0 -I/usr/include/at-spi2-atk/2.0 -I/usr/include/at-spi-2.0 -I/usr/include/dbus-1.0 -I/usr/lib/x86_64-linux-gnu/dbus-1.0/include -I/usr/include/gio-unix-2.0 -I/usr/include/cairo -I/usr/include/pango-1.0 -I/usr/include/harfbuzz -I/usr/include/atk-1.0 -I/usr/include/pixman-1 -I/usr/include/freetype2 -I/usr/include/libpng16 -I/usr/include/gdk-pixbuf-2.0 -I/usr/include/glib-2.0 -I/usr/lib/x86_64-linux-gnu/glib-2.0/include  -Wno-error=deprecated-declarations -std=gnu11 -Wno-error=parentheses -Werror -Wdeclaration-after-statement -Wno-pointer-sign -Wall -Wmissing-prototypes -Wmissing-declarations -Wno-unused  -Dhave_mod_mask   -o CMakeFiles/cmTC_a1e70.dir/src.c.o   -c /home/marksa/dev/git/fork/gnucash/build-gnucash-3.4-stable/CMakeFiles/CMakeTmp/src.c
Linking C executable cmTC_a1e70
/usr/bin/cmake -E cmake_link_script CMakeFiles/cmTC_a1e70.dir/link.txt --verbose=1
/usr/bin/cc -Wno-error=deprecated-declarations -std=gnu11 -Wno-error=parentheses -Werror -Wdeclaration-after-statement -Wno-pointer-sign -Wall -Wmissing-prototypes -Wmissing-declarations -Wno-unused  -Dhave_mod_mask    -rdynamic CMakeFiles/cmTC_a1e70.dir/src.c.o  -o cmTC_a1e70 
make[1]: Leaving directory '/home/marksa/dev/git/fork/gnucash/build-gnucash-3.4-stable/CMakeFiles/CMakeTmp'

Source file was:

#include <gdk/gdk.h>

int main (int argc, char** argv) {
  GdkModifierIntent foo = GDK_MODIFIER_INTENT_DEFAULT_MOD_MASK;
  return 0;
}

Performing C SOURCE FILE Test have_mod_mask succeeded with the following output:
Change Dir: /home/marksa/dev/git/fork/gnucash/build-gnucash-3.4-stable/CMakeFiles/CMakeTmp

Run Build Command:"/usr/bin/make" "cmTC_d3657/fast"
/usr/bin/make -f CMakeFiles/cmTC_d3657.dir/build.make CMakeFiles/cmTC_d3657.dir/build
make[1]: Entering directory '/home/marksa/dev/git/fork/gnucash/build-gnucash-3.4-stable/CMakeFiles/CMakeTmp'
Building C object CMakeFiles/cmTC_d3657.dir/src.c.o
/usr/bin/cc  -I/usr/include/gtk-3.0 -I/usr/include/at-spi2-atk/2.0 -I/usr/include/at-spi-2.0 -I/usr/include/dbus-1.0 -I/usr/lib/x86_64-linux-gnu/dbus-1.0/include -I/usr/include/gio-unix-2.0 -I/usr/include/cairo -I/usr/include/pango-1.0 -I/usr/include/harfbuzz -I/usr/include/atk-1.0 -I/usr/include/pixman-1 -I/usr/include/freetype2 -I/usr/include/libpng16 -I/usr/include/gdk-pixbuf-2.0 -I/usr/include/glib-2.0 -I/usr/lib/x86_64-linux-gnu/glib-2.0/include  -Wno-error=deprecated-declarations -std=gnu11 -Wno-error=parentheses -Werror -Wdeclaration-after-statement -Wno-pointer-sign -Wall -Wmissing-prototypes -Wmissing-declarations -Wno-unused  -Dhave_mod_mask   -o CMakeFiles/cmTC_d3657.dir/src.c.o   -c /home/marksa/dev/git/fork/gnucash/build-gnucash-3.4-stable/CMakeFiles/CMakeTmp/src.c
Linking C executable cmTC_d3657
/usr/bin/cmake -E cmake_link_script CMakeFiles/cmTC_d3657.dir/link.txt --verbose=1
/usr/bin/cc -Wno-error=deprecated-declarations -std=gnu11 -Wno-error=parentheses -Werror -Wdeclaration-after-statement -Wno-pointer-sign -Wall -Wmissing-prototypes -Wmissing-declarations -Wno-unused  -Dhave_mod_mask    -rdynamic CMakeFiles/cmTC_d3657.dir/src.c.o  -o cmTC_d3657 
make[1]: Leaving directory '/home/marksa/dev/git/fork/gnucash/build-gnucash-3.4-stable/CMakeFiles/CMakeTmp'

Source file was:

#include <gdk/gdk.h>

int main (int argc, char** argv) {
  GdkModifierIntent foo = GDK_MODIFIER_INTENT_DEFAULT_MOD_MASK;
  return 0;
}

Performing C SOURCE FILE Test have_mod_mask succeeded with the following output:
Change Dir: /home/marksa/dev/git/fork/gnucash/build-gnucash-3.4-stable/CMakeFiles/CMakeTmp

Run Build Command:"/usr/bin/make" "cmTC_f8514/fast"
/usr/bin/make -f CMakeFiles/cmTC_f8514.dir/build.make CMakeFiles/cmTC_f8514.dir/build
make[1]: Entering directory '/home/marksa/dev/git/fork/gnucash/build-gnucash-3.4-stable/CMakeFiles/CMakeTmp'
Building C object CMakeFiles/cmTC_f8514.dir/src.c.o
/usr/bin/cc  -I/usr/include/gtk-3.0 -I/usr/include/at-spi2-atk/2.0 -I/usr/include/at-spi-2.0 -I/usr/include/dbus-1.0 -I/usr/lib/x86_64-linux-gnu/dbus-1.0/include -I/usr/include/gio-unix-2.0 -I/usr/include/cairo -I/usr/include/pango-1.0 -I/usr/include/harfbuzz -I/usr/include/atk-1.0 -I/usr/include/pixman-1 -I/usr/include/freetype2 -I/usr/include/libpng16 -I/usr/include/gdk-pixbuf-2.0 -I/usr/include/glib-2.0 -I/usr/lib/x86_64-linux-gnu/glib-2.0/include  -Wno-error=deprecated-declarations -std=gnu11 -Wno-error=parentheses -Werror -Wdeclaration-after-statement -Wno-pointer-sign -Wall -Wmissing-prototypes -Wmissing-declarations -Wno-unused  -Dhave_mod_mask   -o CMakeFiles/cmTC_f8514.dir/src.c.o   -c /home/marksa/dev/git/fork/gnucash/build-gnucash-3.4-stable/CMakeFiles/CMakeTmp/src.c
Linking C executable cmTC_f8514
/usr/bin/cmake -E cmake_link_script CMakeFiles/cmTC_f8514.dir/link.txt --verbose=1
/usr/bin/cc -Wno-error=deprecated-declarations -std=gnu11 -Wno-error=parentheses -Werror -Wdeclaration-after-statement -Wno-pointer-sign -Wall -Wmissing-prototypes -Wmissing-declarations -Wno-unused  -Dhave_mod_mask    -rdynamic CMakeFiles/cmTC_f8514.dir/src.c.o  -o cmTC_f8514 
make[1]: Leaving directory '/home/marksa/dev/git/fork/gnucash/build-gnucash-3.4-stable/CMakeFiles/CMakeTmp'

Source file was:

#include <gdk/gdk.h>

int main (int argc, char** argv) {
  GdkModifierIntent foo = GDK_MODIFIER_INTENT_DEFAULT_MOD_MASK;
  return 0;
}

Performing C SOURCE FILE Test have_mod_mask succeeded with the following output:
Change Dir: /home/marksa/dev/git/fork/gnucash/build-gnucash-3.4-stable/CMakeFiles/CMakeTmp

Run Build Command:"/usr/bin/make" "cmTC_e7725/fast"
/usr/bin/make -f CMakeFiles/cmTC_e7725.dir/build.make CMakeFiles/cmTC_e7725.dir/build
make[1]: Entering directory '/home/marksa/dev/git/fork/gnucash/build-gnucash-3.4-stable/CMakeFiles/CMakeTmp'
Building C object CMakeFiles/cmTC_e7725.dir/src.c.o
/usr/bin/cc  -I/usr/include/gtk-3.0 -I/usr/include/at-spi2-atk/2.0 -I/usr/include/at-spi-2.0 -I/usr/include/dbus-1.0 -I/usr/lib/x86_64-linux-gnu/dbus-1.0/include -I/usr/include/gio-unix-2.0 -I/usr/include/cairo -I/usr/include/pango-1.0 -I/usr/include/harfbuzz -I/usr/include/atk-1.0 -I/usr/include/pixman-1 -I/usr/include/freetype2 -I/usr/include/libpng16 -I/usr/include/gdk-pixbuf-2.0 -I/usr/include/glib-2.0 -I/usr/lib/x86_64-linux-gnu/glib-2.0/include  -Wno-error=deprecated-declarations -std=gnu11 -Wno-error=parentheses -Werror -Wdeclaration-after-statement -Wno-pointer-sign -Wall -Wmissing-prototypes -Wmissing-declarations -Wno-unused  -Dhave_mod_mask   -o CMakeFiles/cmTC_e7725.dir/src.c.o   -c /home/marksa/dev/git/fork/gnucash/build-gnucash-3.4-stable/CMakeFiles/CMakeTmp/src.c
Linking C executable cmTC_e7725
/usr/bin/cmake -E cmake_link_script CMakeFiles/cmTC_e7725.dir/link.txt --verbose=1
/usr/bin/cc -Wno-error=deprecated-declarations -std=gnu11 -Wno-error=parentheses -Werror -Wdeclaration-after-statement -Wno-pointer-sign -Wall -Wmissing-prototypes -Wmissing-declarations -Wno-unused  -Dhave_mod_mask    -rdynamic CMakeFiles/cmTC_e7725.dir/src.c.o  -o cmTC_e7725 
make[1]: Leaving directory '/home/marksa/dev/git/fork/gnucash/build-gnucash-3.4-stable/CMakeFiles/CMakeTmp'

Source file was:

#include <gdk/gdk.h>

int main (int argc, char** argv) {
  GdkModifierIntent foo = GDK_MODIFIER_INTENT_DEFAULT_MOD_MASK;
  return 0;
}

